<?xml version="1.0" encoding="utf-8"?>
<test-run id="2" testcasecount="281" result="Passed" total="281" passed="281" failed="0" inconclusive="0" skipped="0" asserts="0" engine-version="3.5.0.0" clr-version="4.0.30319.42000" start-time="2026-07-03 12:31:19Z" end-time="2026-07-03 12:31:34Z" duration="14.7703364">
  <test-suite type="TestSuite" id="1000" name="PVP" fullname="PVP" runstate="Runnable" testcasecount="281" result="Passed" start-time="2026-07-03 12:31:19Z" end-time="2026-07-03 12:31:34Z" duration="14.770336" total="281" passed="281" failed="0" inconclusive="0" skipped="0" asserts="0">
    <properties>
      <property name="platform" value="EditMode" />
    </properties>
    <test-suite type="Assembly" id="1263" name="Domain.Tests.dll" fullname="C:/Users/CaSte/PVP/Library/ScriptAssemblies/Domain.Tests.dll" runstate="Runnable" testcasecount="240" result="Passed" start-time="2026-07-03 12:31:19Z" end-time="2026-07-03 12:31:19Z" duration="0.264459" total="240" passed="240" failed="0" inconclusive="0" skipped="0" asserts="0">
      <properties>
        <property name="_PID" value="4628" />
        <property name="_APPDOMAIN" value="Unity Child Domain" />
        <property name="platform" value="EditMode" />
        <property name="EditorOnly" value="True" />
      </properties>
      <test-suite type="TestFixture" id="1001" name="AppOffsetSettingsTests" fullname="AppOffsetSettingsTests" classname="AppOffsetSettingsTests" runstate="Runnable" testcasecount="4" result="Passed" start-time="2026-07-03 12:31:19Z" end-time="2026-07-03 12:31:19Z" duration="0.026320" total="4" passed="4" failed="0" inconclusive="0" skipped="0" asserts="0">
        <properties />
        <test-case id="1003" name="Clamped_RestrictsToMaxMs" fullname="AppOffsetSettingsTests.Clamped_RestrictsToMaxMs" methodname="Clamped_RestrictsToMaxMs" classname="AppOffsetSettingsTests" runstate="Runnable" seed="2038093912" result="Passed" start-time="2026-07-03 12:31:19Z" end-time="2026-07-03 12:31:19Z" duration="0.011888" asserts="0">
          <properties>
            <property name="retryIteration" value="0" />
            <property name="repeatIteration" value="0" />
          </properties>
        </test-case>
        <test-case id="1004" name="Clamped_RestrictsToMinMs" fullname="AppOffsetSettingsTests.Clamped_RestrictsToMinMs" methodname="Clamped_RestrictsToMinMs" classname="AppOffsetSettingsTests" runstate="Runnable" seed="1934182980" result="Passed" start-time="2026-07-03 12:31:19Z" end-time="2026-07-03 12:31:19Z" duration="0.000280" asserts="0">
          <properties>
            <property name="retryIteration" value="0" />
            <property name="repeatIteration" value="0" />
          </properties>
        </test-case>
        <test-case id="1005" name="Clamped_WithinRange_Unchanged" fullname="AppOffsetSettingsTests.Clamped_WithinRange_Unchanged" methodname="Clamped_WithinRange_Unchanged" classname="AppOffsetSettingsTests" runstate="Runnable" seed="62048536" result="Passed" start-time="2026-07-03 12:31:19Z" end-time="2026-07-03 12:31:19Z" duration="0.000153" asserts="0">
          <properties>
            <property name="retryIteration" value="0" />
            <property name="repeatIteration" value="0" />
          </properties>
        </test-case>
        <test-case id="1002" name="Default_IsZero" fullname="AppOffsetSettingsTests.Default_IsZero" methodname="Default_IsZero" classname="AppOffsetSettingsTests" runstate="Runnable" seed="303754943" result="Passed" start-time="2026-07-03 12:31:19Z" end-time="2026-07-03 12:31:19Z" duration="0.000131" asserts="0">
          <properties>
            <property name="retryIteration" value="0" />
            <property name="repeatIteration" value="0" />
          </properties>
        </test-case>
      </test-suite>
      <test-suite type="TestFixture" id="1012" name="ChartParserTests" fullname="ChartParserTests" classname="ChartParserTests" runstate="Runnable" testcasecount="6" result="Passed" start-time="2026-07-03 12:31:19Z" end-time="2026-07-03 12:31:19Z" duration="0.053680" total="6" passed="6" failed="0" inconclusive="0" skipped="0" asserts="0">
        <properties />
        <test-case id="1015" name="ParseChart_LaneStringsToEnum_Correctly" fullname="ChartParserTests.ParseChart_LaneStringsToEnum_Correctly" methodname="ParseChart_LaneStringsToEnum_Correctly" classname="ChartParserTests" runstate="Runnable" seed="1788511130" result="Passed" start-time="2026-07-03 12:31:19Z" end-time="2026-07-03 12:31:19Z" duration="0.036659" asserts="0">
          <properties>
            <property name="retryIteration" value="0" />
            <property name="repeatIteration" value="0" />
          </properties>
        </test-case>
        <test-case id="1014" name="ParseChart_ValidJson_ReturnsChartData" fullname="ChartParserTests.ParseChart_ValidJson_ReturnsChartData" methodname="ParseChart_ValidJson_ReturnsChartData" classname="ChartParserTests" runstate="Runnable" seed="1598025601" result="Passed" start-time="2026-07-03 12:31:19Z" end-time="2026-07-03 12:31:19Z" duration="0.002358" asserts="0">
          <properties>
            <property name="retryIteration" value="0" />
            <property name="repeatIteration" value="0" />
          </properties>
        </test-case>
        <test-case id="1013" name="ParseMeta_ValidJson_ReturnsMetadata" fullname="ChartParserTests.ParseMeta_ValidJson_ReturnsMetadata" methodname="ParseMeta_ValidJson_ReturnsMetadata" classname="ChartParserTests" runstate="Runnable" seed="1827611044" result="Passed" start-time="2026-07-03 12:31:19Z" end-time="2026-07-03 12:31:19Z" duration="0.005440" asserts="0">
          <properties>
            <property name="retryIteration" value="0" />
            <property name="repeatIteration" value="0" />
          </properties>
        </test-case>
        <test-case id="1018" name="TestSongChart_TwentyNotesAndZeroValidationIssues" fullname="ChartParserTests.TestSongChart_TwentyNotesAndZeroValidationIssues" methodname="TestSongChart_TwentyNotesAndZeroValidationIssues" classname="ChartParserTests" runstate="Runnable" seed="714910619" result="Passed" start-time="2026-07-03 12:31:19Z" end-time="2026-07-03 12:31:19Z" duration="0.005612" asserts="0">
          <properties>
            <property name="retryIteration" value="0" />
            <property name="repeatIteration" value="0" />
          </properties>
        </test-case>
        <test-case id="1016" name="Validate_DuplicateNotes_ReturnsCritical" fullname="ChartParserTests.Validate_DuplicateNotes_ReturnsCritical" methodname="Validate_DuplicateNotes_ReturnsCritical" classname="ChartParserTests" runstate="Runnable" seed="2048765095" result="Passed" start-time="2026-07-03 12:31:19Z" end-time="2026-07-03 12:31:19Z" duration="0.001233" asserts="0">
          <properties>
            <property name="retryIteration" value="0" />
            <property name="repeatIteration" value="0" />
          </properties>
        </test-case>
        <test-case id="1017" name="Validate_NegativeHoldDuration_ReturnsCritical" fullname="ChartParserTests.Validate_NegativeHoldDuration_ReturnsCritical" methodname="Validate_NegativeHoldDuration_ReturnsCritical" classname="ChartParserTests" runstate="Runnable" seed="1649083729" result="Passed" start-time="2026-07-03 12:31:19Z" end-time="2026-07-03 12:31:19Z" duration="0.000408" asserts="0">
          <properties>
            <property name="retryIteration" value="0" />
            <property name="repeatIteration" value="0" />
          </properties>
        </test-case>
      </test-suite>
      <test-suite type="TestSuite" id="1264" name="Domain" fullname="Domain" runstate="Runnable" testcasecount="26" result="Passed" start-time="2026-07-03 12:31:19Z" end-time="2026-07-03 12:31:19Z" duration="0.020130" total="26" passed="26" failed="0" inconclusive="0" skipped="0" asserts="0">
        <properties />
        <test-suite type="TestSuite" id="1265" name="Pvp" fullname="Domain.Pvp" runstate="Runnable" testcasecount="26" result="Passed" start-time="2026-07-03 12:31:19Z" end-time="2026-07-03 12:31:19Z" duration="0.019810" total="26" passed="26" failed="0" inconclusive="0" skipped="0" asserts="0">
          <properties />
          <test-suite type="TestSuite" id="1266" name="Tests" fullname="Domain.Pvp.Tests" runstate="Runnable" testcasecount="26" result="Passed" start-time="2026-07-03 12:31:19Z" end-time="2026-07-03 12:31:19Z" duration="0.019670" total="26" passed="26" failed="0" inconclusive="0" skipped="0" asserts="0">
            <properties />
            <test-suite type="TestFixture" id="1235" name="Glicko2CalculatorTests" fullname="Domain.Pvp.Tests.Glicko2CalculatorTests" classname="Domain.Pvp.Tests.Glicko2CalculatorTests" runstate="Runnable" testcasecount="7" result="Passed" start-time="2026-07-03 12:31:19Z" end-time="2026-07-03 12:31:19Z" duration="0.007452" total="7" passed="7" failed="0" inconclusive="0" skipped="0" asserts="0">
              <properties />
              <test-case id="1238" name="Decay_OnlyExpandsRd" fullname="Domain.Pvp.Tests.Glicko2CalculatorTests.Decay_OnlyExpandsRd" methodname="Decay_OnlyExpandsRd" classname="Domain.Pvp.Tests.Glicko2CalculatorTests" runstate="Runnable" seed="1874499840" result="Passed" start-time="2026-07-03 12:31:19Z" end-time="2026-07-03 12:31:19Z" duration="0.003307" asserts="0">
                <properties>
                  <property name="retryIteration" value="0" />
                  <property name="repeatIteration" value="0" />
                </properties>
              </test-case>
              <test-case id="1240" name="SeasonDecay_BelowFloorRd_NotShrunk" fullname="Domain.Pvp.Tests.Glicko2CalculatorTests.SeasonDecay_BelowFloorRd_NotShrunk" methodname="SeasonDecay_BelowFloorRd_NotShrunk" classname="Domain.Pvp.Tests.Glicko2CalculatorTests" runstate="Runnable" seed="1420072320" result="Passed" start-time="2026-07-03 12:31:19Z" end-time="2026-07-03 12:31:19Z" duration="0.000504" asserts="0">
                <properties>
                  <property name="retryIteration" value="0" />
                  <property name="repeatIteration" value="0" />
                </properties>
              </test-case>
              <test-case id="1239" name="SeasonDecay_PullsRatingHalfwayTo1500" fullname="Domain.Pvp.Tests.Glicko2CalculatorTests.SeasonDecay_PullsRatingHalfwayTo1500" methodname="SeasonDecay_PullsRatingHalfwayTo1500" classname="Domain.Pvp.Tests.Glicko2CalculatorTests" runstate="Runnable" seed="183786926" result="Passed" start-time="2026-07-03 12:31:19Z" end-time="2026-07-03 12:31:19Z" duration="0.000212" asserts="0">
                <properties>
                  <property name="retryIteration" value="0" />
                  <property name="repeatIteration" value="0" />
                </properties>
              </test-case>
              <test-case id="1242" name="Update_DefaultPlayer_LossAgainstStrong_RatingGoesDown" fullname="Domain.Pvp.Tests.Glicko2CalculatorTests.Update_DefaultPlayer_LossAgainstStrong_RatingGoesDown" methodname="Update_DefaultPlayer_LossAgainstStrong_RatingGoesDown" classname="Domain.Pvp.Tests.Glicko2CalculatorTests" runstate="Runnable" seed="46471635" result="Passed" start-time="2026-07-03 12:31:19Z" end-time="2026-07-03 12:31:19Z" duration="0.001512" asserts="0">
                <properties>
                  <property name="retryIteration" value="0" />
                  <property name="repeatIteration" value="0" />
                </properties>
              </test-case>
              <test-case id="1241" name="Update_DefaultPlayer_WinAgainstWeak_RatingGoesUp" fullname="Domain.Pvp.Tests.Glicko2CalculatorTests.Update_DefaultPlayer_WinAgainstWeak_RatingGoesUp" methodname="Update_DefaultPlayer_WinAgainstWeak_RatingGoesUp" classname="Domain.Pvp.Tests.Glicko2CalculatorTests" runstate="Runnable" seed="1283643502" result="Passed" start-time="2026-07-03 12:31:19Z" end-time="2026-07-03 12:31:19Z" duration="0.000303" asserts="0">
                <properties>
                  <property name="retryIteration" value="0" />
                  <property name="repeatIteration" value="0" />
                </properties>
              </test-case>
              <test-case id="1236" name="Update_GlickmanExample_MatchesPaperReferenceValues" fullname="Domain.Pvp.Tests.Glicko2CalculatorTests.Update_GlickmanExample_MatchesPaperReferenceValues" methodname="Update_GlickmanExample_MatchesPaperReferenceValues" classname="Domain.Pvp.Tests.Glicko2CalculatorTests" runstate="Runnable" seed="779647193" result="Passed" start-time="2026-07-03 12:31:19Z" end-time="2026-07-03 12:31:19Z" duration="0.000299" asserts="0">
                <properties>
                  <property name="retryIteration" value="0" />
                  <property name="repeatIteration" value="0" />
                </properties>
              </test-case>
              <test-case id="1237" name="Update_NoGames_LeavesRatingUnchangedAndIncreasesRd" fullname="Domain.Pvp.Tests.Glicko2CalculatorTests.Update_NoGames_LeavesRatingUnchangedAndIncreasesRd" methodname="Update_NoGames_LeavesRatingUnchangedAndIncreasesRd" classname="Domain.Pvp.Tests.Glicko2CalculatorTests" runstate="Runnable" seed="1489987534" result="Passed" start-time="2026-07-03 12:31:19Z" end-time="2026-07-03 12:31:19Z" duration="0.000176" asserts="0">
                <properties>
                  <property name="retryIteration" value="0" />
                  <property name="repeatIteration" value="0" />
                </properties>
              </test-case>
            </test-suite>
            <test-suite type="TestFixture" id="1243" name="MatchScoringTests" fullname="Domain.Pvp.Tests.MatchScoringTests" classname="Domain.Pvp.Tests.MatchScoringTests" runstate="Runnable" testcasecount="19" result="Passed" start-time="2026-07-03 12:31:19Z" end-time="2026-07-03 12:31:19Z" duration="0.011867" total="19" passed="19" failed="0" inconclusive="0" skipped="0" asserts="0">
              <properties />
              <test-case id="1256" name="DifficultyMultiplier_KnownValues" fullname="Domain.Pvp.Tests.MatchScoringTests.DifficultyMultiplier_KnownValues" methodname="DifficultyMultiplier_KnownValues" classname="Domain.Pvp.Tests.MatchScoringTests" runstate="Runnable" seed="858269621" result="Passed" start-time="2026-07-03 12:31:19Z" end-time="2026-07-03 12:31:19Z" duration="0.000388" asserts="0">
                <properties>
                  <property name="retryIteration" value="0" />
                  <property name="repeatIteration" value="0" />
                </properties>
              </test-case>
              <test-case id="1255" name="Score_AchievementRate_FixesNoteDistributionBias" fullname="Domain.Pvp.Tests.MatchScoringTests.Score_AchievementRate_FixesNoteDistributionBias" methodname="Score_AchievementRate_FixesNoteDistributionBias" classname="Domain.Pvp.Tests.MatchScoringTests" runstate="Runnable" seed="1872442808" result="Passed" start-time="2026-07-03 12:31:19Z" end-time="2026-07-03 12:31:19Z" duration="0.001784" asserts="0">
                <properties>
                  <property name="retryIteration" value="0" />
                  <property name="repeatIteration" value="0" />
                </properties>
              </test-case>
              <test-case id="1254" name="Score_AchievementRate_HigherDifficultyWinsAtEqualPercent" fullname="Domain.Pvp.Tests.MatchScoringTests.Score_AchievementRate_HigherDifficultyWinsAtEqualPercent" methodname="Score_AchievementRate_HigherDifficultyWinsAtEqualPercent" classname="Domain.Pvp.Tests.MatchScoringTests" runstate="Runnable" seed="1635581342" result="Passed" start-time="2026-07-03 12:31:19Z" end-time="2026-07-03 12:31:19Z" duration="0.000287" asserts="0">
                <properties>
                  <property name="retryIteration" value="0" />
                  <property name="repeatIteration" value="0" />
                </properties>
              </test-case>
              <test-case id="1244" name="Score_AllAWins_GivesAFullPoints" fullname="Domain.Pvp.Tests.MatchScoringTests.Score_AllAWins_GivesAFullPoints" methodname="Score_AllAWins_GivesAFullPoints" classname="Domain.Pvp.Tests.MatchScoringTests" runstate="Runnable" seed="504107501" result="Passed" start-time="2026-07-03 12:31:19Z" end-time="2026-07-03 12:31:19Z" duration="0.000353" asserts="0">
                <properties>
                  <property name="retryIteration" value="0" />
                  <property name="repeatIteration" value="0" />
                </properties>
              </test-case>
              <test-case id="1245" name="Score_AllDraws_GivesHalfHalf" fullname="Domain.Pvp.Tests.MatchScoringTests.Score_AllDraws_GivesHalfHalf" methodname="Score_AllDraws_GivesHalfHalf" classname="Domain.Pvp.Tests.MatchScoringTests" runstate="Runnable" seed="706187121" result="Passed" start-time="2026-07-03 12:31:19Z" end-time="2026-07-03 12:31:19Z" duration="0.000175" asserts="0">
                <properties>
                  <property name="retryIteration" value="0" />
                  <property name="repeatIteration" value="0" />
                </properties>
              </test-case>
              <test-case id="1260" name="Score_Draw_GivesFlatHalf" fullname="Domain.Pvp.Tests.MatchScoringTests.Score_Draw_GivesFlatHalf" methodname="Score_Draw_GivesFlatHalf" classname="Domain.Pvp.Tests.MatchScoringTests" runstate="Runnable" seed="798490366" result="Passed" start-time="2026-07-03 12:31:19Z" end-time="2026-07-03 12:31:19Z" duration="0.000204" asserts="0">
                <properties>
                  <property name="retryIteration" value="0" />
                  <property name="repeatIteration" value="0" />
                </properties>
              </test-case>
              <test-case id="1262" name="Score_FlatPoints_DoNotBiasGlicko" fullname="Domain.Pvp.Tests.MatchScoringTests.Score_FlatPoints_DoNotBiasGlicko" methodname="Score_FlatPoints_DoNotBiasGlicko" classname="Domain.Pvp.Tests.MatchScoringTests" runstate="Runnable" seed="706355574" result="Passed" start-time="2026-07-03 12:31:19Z" end-time="2026-07-03 12:31:19Z" duration="0.001896" asserts="0">
                <properties>
                  <property name="retryIteration" value="0" />
                  <property name="repeatIteration" value="0" />
                </properties>
              </test-case>
              <test-case id="1247" name="Score_FullMatch3Songs5Sectors_15PointsMax" fullname="Domain.Pvp.Tests.MatchScoringTests.Score_FullMatch3Songs5Sectors_15PointsMax" methodname="Score_FullMatch3Songs5Sectors_15PointsMax" classname="Domain.Pvp.Tests.MatchScoringTests" runstate="Runnable" seed="1344483588" result="Passed" start-time="2026-07-03 12:31:19Z" end-time="2026-07-03 12:31:19Z" duration="0.000959" asserts="0">
                <properties>
                  <property name="retryIteration" value="0" />
                  <property name="repeatIteration" value="0" />
                </properties>
              </test-case>
              <test-case id="1257" name="Score_HigherDifficulty_WinsSectorAtEqualRawScore" fullname="Domain.Pvp.Tests.MatchScoringTests.Score_HigherDifficulty_WinsSectorAtEqualRawScore" methodname="Score_HigherDifficulty_WinsSectorAtEqualRawScore" classname="Domain.Pvp.Tests.MatchScoringTests" runstate="Runnable" seed="633800731" result="Passed" start-time="2026-07-03 12:31:19Z" end-time="2026-07-03 12:31:19Z" duration="0.000384" asserts="0">
                <properties>
                  <property name="retryIteration" value="0" />
                  <property name="repeatIteration" value="0" />
                </properties>
              </test-case>
              <test-case id="1258" name="Score_LowerRawButHigherDifficulty_CanStillWin" fullname="Domain.Pvp.Tests.MatchScoringTests.Score_LowerRawButHigherDifficulty_CanStillWin" methodname="Score_LowerRawButHigherDifficulty_CanStillWin" classname="Domain.Pvp.Tests.MatchScoringTests" runstate="Runnable" seed="1911604454" result="Passed" start-time="2026-07-03 12:31:19Z" end-time="2026-07-03 12:31:19Z" duration="0.000220" asserts="0">
                <properties>
                  <property name="retryIteration" value="0" />
                  <property name="repeatIteration" value="0" />
                </properties>
              </test-case>
              <test-case id="1246" name="Score_MixedSectors_AccumulatesCorrectly" fullname="Domain.Pvp.Tests.MatchScoringTests.Score_MixedSectors_AccumulatesCorrectly" methodname="Score_MixedSectors_AccumulatesCorrectly" classname="Domain.Pvp.Tests.MatchScoringTests" runstate="Runnable" seed="931555123" result="Passed" start-time="2026-07-03 12:31:19Z" end-time="2026-07-03 12:31:19Z" duration="0.000320" asserts="0">
                <properties>
                  <property name="retryIteration" value="0" />
                  <property name="repeatIteration" value="0" />
                </properties>
              </test-case>
              <test-case id="1261" name="Score_NoDifficulty_FlatWin" fullname="Domain.Pvp.Tests.MatchScoringTests.Score_NoDifficulty_FlatWin" methodname="Score_NoDifficulty_FlatWin" classname="Domain.Pvp.Tests.MatchScoringTests" runstate="Runnable" seed="1519570997" result="Passed" start-time="2026-07-03 12:31:19Z" end-time="2026-07-03 12:31:19Z" duration="0.000227" asserts="0">
                <properties>
                  <property name="retryIteration" value="0" />
                  <property name="repeatIteration" value="0" />
                </properties>
              </test-case>
              <test-case id="1253" name="Score_NoTieBreakData_ScoreTieStaysDraw_BackCompat" fullname="Domain.Pvp.Tests.MatchScoringTests.Score_NoTieBreakData_ScoreTieStaysDraw_BackCompat" methodname="Score_NoTieBreakData_ScoreTieStaysDraw_BackCompat" classname="Domain.Pvp.Tests.MatchScoringTests" runstate="Runnable" seed="575054023" result="Passed" start-time="2026-07-03 12:31:19Z" end-time="2026-07-03 12:31:19Z" duration="0.000158" asserts="0">
                <properties>
                  <property name="retryIteration" value="0" />
                  <property name="repeatIteration" value="0" />
                </properties>
              </test-case>
              <test-case id="1259" name="Score_PointsAreFlat_RegardlessOfDifficulty" fullname="Domain.Pvp.Tests.MatchScoringTests.Score_PointsAreFlat_RegardlessOfDifficulty" methodname="Score_PointsAreFlat_RegardlessOfDifficulty" classname="Domain.Pvp.Tests.MatchScoringTests" runstate="Runnable" seed="1519773573" result="Passed" start-time="2026-07-03 12:31:19Z" end-time="2026-07-03 12:31:19Z" duration="0.000247" asserts="0">
                <properties>
                  <property name="retryIteration" value="0" />
                  <property name="repeatIteration" value="0" />
                </properties>
              </test-case>
              <test-case id="1249" name="Score_ScoreTie_BrokenByTieBreak_AWins" fullname="Domain.Pvp.Tests.MatchScoringTests.Score_ScoreTie_BrokenByTieBreak_AWins" methodname="Score_ScoreTie_BrokenByTieBreak_AWins" classname="Domain.Pvp.Tests.MatchScoringTests" runstate="Runnable" seed="2074006143" result="Passed" start-time="2026-07-03 12:31:19Z" end-time="2026-07-03 12:31:19Z" duration="0.000213" asserts="0">
                <properties>
                  <property name="retryIteration" value="0" />
                  <property name="repeatIteration" value="0" />
                </properties>
              </test-case>
              <test-case id="1250" name="Score_ScoreTie_BrokenByTieBreak_BWins" fullname="Domain.Pvp.Tests.MatchScoringTests.Score_ScoreTie_BrokenByTieBreak_BWins" methodname="Score_ScoreTie_BrokenByTieBreak_BWins" classname="Domain.Pvp.Tests.MatchScoringTests" runstate="Runnable" seed="1248951056" result="Passed" start-time="2026-07-03 12:31:19Z" end-time="2026-07-03 12:31:19Z" duration="0.000369" asserts="0">
                <properties>
                  <property name="retryIteration" value="0" />
                  <property name="repeatIteration" value="0" />
                </properties>
              </test-case>
              <test-case id="1251" name="Score_ScoreTie_TieBreakAlsoEqual_StaysDraw" fullname="Domain.Pvp.Tests.MatchScoringTests.Score_ScoreTie_TieBreakAlsoEqual_StaysDraw" methodname="Score_ScoreTie_TieBreakAlsoEqual_StaysDraw" classname="Domain.Pvp.Tests.MatchScoringTests" runstate="Runnable" seed="1996506300" result="Passed" start-time="2026-07-03 12:31:19Z" end-time="2026-07-03 12:31:19Z" duration="0.000269" asserts="0">
                <properties>
                  <property name="retryIteration" value="0" />
                  <property name="repeatIteration" value="0" />
                </properties>
              </test-case>
              <test-case id="1252" name="Score_TieBreakIgnoredWhenScoresDiffer" fullname="Domain.Pvp.Tests.MatchScoringTests.Score_TieBreakIgnoredWhenScoresDiffer" methodname="Score_TieBreakIgnoredWhenScoresDiffer" classname="Domain.Pvp.Tests.MatchScoringTests" runstate="Runnable" seed="1256249721" result="Passed" start-time="2026-07-03 12:31:19Z" end-time="2026-07-03 12:31:19Z" duration="0.000198" asserts="0">
                <properties>
                  <property name="retryIteration" value="0" />
                  <property name="repeatIteration" value="0" />
                </properties>
              </test-case>
              <test-case id="1248" name="ToGlicko2ResultsForA_Yields15ResultsPerMatch" fullname="Domain.Pvp.Tests.MatchScoringTests.ToGlicko2ResultsForA_Yields15ResultsPerMatch" methodname="ToGlicko2ResultsForA_Yields15ResultsPerMatch" classname="Domain.Pvp.Tests.MatchScoringTests" runstate="Runnable" seed="1077815721" result="Passed" start-time="2026-07-03 12:31:19Z" end-time="2026-07-03 12:31:19Z" duration="0.000687" asserts="0">
                <properties>
                  <property name="retryIteration" value="0" />
                  <property name="repeatIteration" value="0" />
                </properties>
              </test-case>
            </test-suite>
          </test-suite>
        </test-suite>
      </test-suite>
      <test-suite type="TestFixture" id="1019" name="HoldJudgmentTrackerTests" fullname="HoldJudgmentTrackerTests" classname="HoldJudgmentTrackerTests" runstate="Runnable" testcasecount="23" result="Passed" start-time="2026-07-03 12:31:19Z" end-time="2026-07-03 12:31:19Z" duration="0.011118" total="23" passed="23" failed="0" inconclusive="0" skipped="0" asserts="0">
        <properties />
        <test-case id="1025" name="AdvanceTo_AllHeld_ReturnsAllPerfectPlus" fullname="HoldJudgmentTrackerTests.AdvanceTo_AllHeld_ReturnsAllPerfectPlus" methodname="AdvanceTo_AllHeld_ReturnsAllPerfectPlus" classname="HoldJudgmentTrackerTests" runstate="Runnable" seed="498687374" result="Passed" start-time="2026-07-03 12:31:19Z" end-time="2026-07-03 12:31:19Z" duration="0.003189" asserts="0">
          <properties>
            <property name="retryIteration" value="0" />
            <property name="repeatIteration" value="0" />
          </properties>
        </test-case>
        <test-case id="1034" name="AdvanceTo_LastTick_ReleasedEarly_CopiesMiss" fullname="HoldJudgmentTrackerTests.AdvanceTo_LastTick_ReleasedEarly_CopiesMiss" methodname="AdvanceTo_LastTick_ReleasedEarly_CopiesMiss" classname="HoldJudgmentTrackerTests" runstate="Runnable" seed="1596112596" result="Passed" start-time="2026-07-03 12:31:19Z" end-time="2026-07-03 12:31:19Z" duration="0.000658" asserts="0">
          <properties>
            <property name="retryIteration" value="0" />
            <property name="repeatIteration" value="0" />
          </properties>
        </test-case>
        <test-case id="1033" name="AdvanceTo_LastTick_ReleasedInZone_CopiesLastRealTick" fullname="HoldJudgmentTrackerTests.AdvanceTo_LastTick_ReleasedInZone_CopiesLastRealTick" methodname="AdvanceTo_LastTick_ReleasedInZone_CopiesLastRealTick" classname="HoldJudgmentTrackerTests" runstate="Runnable" seed="1725818811" result="Passed" start-time="2026-07-03 12:31:19Z" end-time="2026-07-03 12:31:19Z" duration="0.000598" asserts="0">
          <properties>
            <property name="retryIteration" value="0" />
            <property name="repeatIteration" value="0" />
          </properties>
        </test-case>
        <test-case id="1028" name="GuardExceeded_TicksMiss_ButNotAbandoned" fullname="HoldJudgmentTrackerTests.GuardExceeded_TicksMiss_ButNotAbandoned" methodname="GuardExceeded_TicksMiss_ButNotAbandoned" classname="HoldJudgmentTrackerTests" runstate="Runnable" seed="2011743810" result="Passed" start-time="2026-07-03 12:31:19Z" end-time="2026-07-03 12:31:19Z" duration="0.000517" asserts="0">
          <properties>
            <property name="retryIteration" value="0" />
            <property name="repeatIteration" value="0" />
          </properties>
        </test-case>
        <test-case id="1027" name="GuardWindow_AllowsBriefRelease" fullname="HoldJudgmentTrackerTests.GuardWindow_AllowsBriefRelease" methodname="GuardWindow_AllowsBriefRelease" classname="HoldJudgmentTrackerTests" runstate="Runnable" seed="318893531" result="Passed" start-time="2026-07-03 12:31:19Z" end-time="2026-07-03 12:31:19Z" duration="0.000308" asserts="0">
          <properties>
            <property name="retryIteration" value="0" />
            <property name="repeatIteration" value="0" />
          </properties>
        </test-case>
        <test-case id="1042" name="HeadMissed_SetsAbandoned" fullname="HoldJudgmentTrackerTests.HeadMissed_SetsAbandoned" methodname="HeadMissed_SetsAbandoned" classname="HoldJudgmentTrackerTests" runstate="Runnable" seed="864676191" result="Passed" start-time="2026-07-03 12:31:19Z" end-time="2026-07-03 12:31:19Z" duration="0.000172" asserts="0">
          <properties>
            <property name="retryIteration" value="0" />
            <property name="repeatIteration" value="0" />
          </properties>
        </test-case>
        <test-case id="1026" name="HeadNotJudged_AdvanceTo_YieldsNothing" fullname="HoldJudgmentTrackerTests.HeadNotJudged_AdvanceTo_YieldsNothing" methodname="HeadNotJudged_AdvanceTo_YieldsNothing" classname="HoldJudgmentTrackerTests" runstate="Runnable" seed="1962994288" result="Passed" start-time="2026-07-03 12:31:19Z" end-time="2026-07-03 12:31:19Z" duration="0.000156" asserts="0">
          <properties>
            <property name="retryIteration" value="0" />
            <property name="repeatIteration" value="0" />
          </properties>
        </test-case>
        <test-case id="1020" name="HoldTickInterval_120Bpm_Is250ms" fullname="HoldJudgmentTrackerTests.HoldTickInterval_120Bpm_Is250ms" methodname="HoldTickInterval_120Bpm_Is250ms" classname="HoldJudgmentTrackerTests" runstate="Runnable" seed="557678146" result="Passed" start-time="2026-07-03 12:31:19Z" end-time="2026-07-03 12:31:19Z" duration="0.000096" asserts="0">
          <properties>
            <property name="retryIteration" value="0" />
            <property name="repeatIteration" value="0" />
          </properties>
        </test-case>
        <test-case id="1024" name="OnHeadInput_OutsideWindow_ReturnsNull" fullname="HoldJudgmentTrackerTests.OnHeadInput_OutsideWindow_ReturnsNull" methodname="OnHeadInput_OutsideWindow_ReturnsNull" classname="HoldJudgmentTrackerTests" runstate="Runnable" seed="2000284702" result="Passed" start-time="2026-07-03 12:31:19Z" end-time="2026-07-03 12:31:19Z" duration="0.000341" asserts="0">
          <properties>
            <property name="retryIteration" value="0" />
            <property name="repeatIteration" value="0" />
          </properties>
        </test-case>
        <test-case id="1023" name="OnHeadInput_WithinWindow_ReturnsJudgment" fullname="HoldJudgmentTrackerTests.OnHeadInput_WithinWindow_ReturnsJudgment" methodname="OnHeadInput_WithinWindow_ReturnsJudgment" classname="HoldJudgmentTrackerTests" runstate="Runnable" seed="1646400862" result="Passed" start-time="2026-07-03 12:31:19Z" end-time="2026-07-03 12:31:19Z" duration="0.000149" asserts="0">
          <properties>
            <property name="retryIteration" value="0" />
            <property name="repeatIteration" value="0" />
          </properties>
        </test-case>
        <test-case id="1029" name="Recovery_RepressAfterDrop_FirstTickGreatThenPerfectPlus" fullname="HoldJudgmentTrackerTests.Recovery_RepressAfterDrop_FirstTickGreatThenPerfectPlus" methodname="Recovery_RepressAfterDrop_FirstTickGreatThenPerfectPlus" classname="HoldJudgmentTrackerTests" runstate="Runnable" seed="1493566111" result="Passed" start-time="2026-07-03 12:31:19Z" end-time="2026-07-03 12:31:19Z" duration="0.000268" asserts="0">
          <properties>
            <property name="retryIteration" value="0" />
            <property name="repeatIteration" value="0" />
          </properties>
        </test-case>
        <test-case id="1041" name="ResolveTail_BeforeEnd_ReturnsNull" fullname="HoldJudgmentTrackerTests.ResolveTail_BeforeEnd_ReturnsNull" methodname="ResolveTail_BeforeEnd_ReturnsNull" classname="HoldJudgmentTrackerTests" runstate="Runnable" seed="1524057080" result="Passed" start-time="2026-07-03 12:31:19Z" end-time="2026-07-03 12:31:19Z" duration="0.000235" asserts="0">
          <properties>
            <property name="retryIteration" value="0" />
            <property name="repeatIteration" value="0" />
          </properties>
        </test-case>
        <test-case id="1030" name="ResolveTail_HeldThrough_ReturnsPerfectPlus" fullname="HoldJudgmentTrackerTests.ResolveTail_HeldThrough_ReturnsPerfectPlus" methodname="ResolveTail_HeldThrough_ReturnsPerfectPlus" classname="HoldJudgmentTrackerTests" runstate="Runnable" seed="1598048290" result="Passed" start-time="2026-07-03 12:31:19Z" end-time="2026-07-03 12:31:19Z" duration="0.000151" asserts="0">
          <properties>
            <property name="retryIteration" value="0" />
            <property name="repeatIteration" value="0" />
          </properties>
        </test-case>
        <test-case id="1032" name="ResolveTail_ReleasedEarlyStayReleased_CopiesMiss" fullname="HoldJudgmentTrackerTests.ResolveTail_ReleasedEarlyStayReleased_CopiesMiss" methodname="ResolveTail_ReleasedEarlyStayReleased_CopiesMiss" classname="HoldJudgmentTrackerTests" runstate="Runnable" seed="602789883" result="Passed" start-time="2026-07-03 12:31:19Z" end-time="2026-07-03 12:31:19Z" duration="0.000150" asserts="0">
          <properties>
            <property name="retryIteration" value="0" />
            <property name="repeatIteration" value="0" />
          </properties>
        </test-case>
        <test-case id="1031" name="ResolveTail_ReleasedInZone_CopiesLastRealTick_PerfectPlus" fullname="HoldJudgmentTrackerTests.ResolveTail_ReleasedInZone_CopiesLastRealTick_PerfectPlus" methodname="ResolveTail_ReleasedInZone_CopiesLastRealTick_PerfectPlus" classname="HoldJudgmentTrackerTests" runstate="Runnable" seed="502331641" result="Passed" start-time="2026-07-03 12:31:19Z" end-time="2026-07-03 12:31:19Z" duration="0.000118" asserts="0">
          <properties>
            <property name="retryIteration" value="0" />
            <property name="repeatIteration" value="0" />
          </properties>
        </test-case>
        <test-case id="1038" name="ShortHold_HeadHit_TailIsPerfectPlus_EvenWhenReleased" fullname="HoldJudgmentTrackerTests.ShortHold_HeadHit_TailIsPerfectPlus_EvenWhenReleased" methodname="ShortHold_HeadHit_TailIsPerfectPlus_EvenWhenReleased" classname="HoldJudgmentTrackerTests" runstate="Runnable" seed="2097771772" result="Passed" start-time="2026-07-03 12:31:19Z" end-time="2026-07-03 12:31:19Z" duration="0.000146" asserts="0">
          <properties>
            <property name="retryIteration" value="0" />
            <property name="repeatIteration" value="0" />
          </properties>
        </test-case>
        <test-case id="1040" name="ShortHold_HeadMissed_TailIsNull" fullname="HoldJudgmentTrackerTests.ShortHold_HeadMissed_TailIsNull" methodname="ShortHold_HeadMissed_TailIsNull" classname="HoldJudgmentTrackerTests" runstate="Runnable" seed="1618903260" result="Passed" start-time="2026-07-03 12:31:19Z" end-time="2026-07-03 12:31:19Z" duration="0.000154" asserts="0">
          <properties>
            <property name="retryIteration" value="0" />
            <property name="repeatIteration" value="0" />
          </properties>
        </test-case>
        <test-case id="1039" name="ShortHold_PerfectHead_TailIsFlatPerfectPlus" fullname="HoldJudgmentTrackerTests.ShortHold_PerfectHead_TailIsFlatPerfectPlus" methodname="ShortHold_PerfectHead_TailIsFlatPerfectPlus" classname="HoldJudgmentTrackerTests" runstate="Runnable" seed="1369947788" result="Passed" start-time="2026-07-03 12:31:19Z" end-time="2026-07-03 12:31:19Z" duration="0.000318" asserts="0">
          <properties>
            <property name="retryIteration" value="0" />
            <property name="repeatIteration" value="0" />
          </properties>
        </test-case>
        <test-case id="1037" name="SingleTickHold_InvincibleTick_FallsBackToHead" fullname="HoldJudgmentTrackerTests.SingleTickHold_InvincibleTick_FallsBackToHead" methodname="SingleTickHold_InvincibleTick_FallsBackToHead" classname="HoldJudgmentTrackerTests" runstate="Runnable" seed="797896671" result="Passed" start-time="2026-07-03 12:31:19Z" end-time="2026-07-03 12:31:19Z" duration="0.000189" asserts="0">
          <properties>
            <property name="retryIteration" value="0" />
            <property name="repeatIteration" value="0" />
          </properties>
        </test-case>
        <test-case id="1035" name="TerminalHold_RecoversFromMiss_LastTickIsGreat" fullname="HoldJudgmentTrackerTests.TerminalHold_RecoversFromMiss_LastTickIsGreat" methodname="TerminalHold_RecoversFromMiss_LastTickIsGreat" classname="HoldJudgmentTrackerTests" runstate="Runnable" seed="594239471" result="Passed" start-time="2026-07-03 12:31:19Z" end-time="2026-07-03 12:31:19Z" duration="0.000243" asserts="0">
          <properties>
            <property name="retryIteration" value="0" />
            <property name="repeatIteration" value="0" />
          </properties>
        </test-case>
        <test-case id="1036" name="TerminalHold_RecoversFromMiss_TailIsGreat" fullname="HoldJudgmentTrackerTests.TerminalHold_RecoversFromMiss_TailIsGreat" methodname="TerminalHold_RecoversFromMiss_TailIsGreat" classname="HoldJudgmentTrackerTests" runstate="Runnable" seed="651221601" result="Passed" start-time="2026-07-03 12:31:19Z" end-time="2026-07-03 12:31:19Z" duration="0.000238" asserts="0">
          <properties>
            <property name="retryIteration" value="0" />
            <property name="repeatIteration" value="0" />
          </properties>
        </test-case>
        <test-case id="1021" name="TickTimes_AreHoldTickSpaced" fullname="HoldJudgmentTrackerTests.TickTimes_AreHoldTickSpaced" methodname="TickTimes_AreHoldTickSpaced" classname="HoldJudgmentTrackerTests" runstate="Runnable" seed="1101211629" result="Passed" start-time="2026-07-03 12:31:19Z" end-time="2026-07-03 12:31:19Z" duration="0.000161" asserts="0">
          <properties>
            <property name="retryIteration" value="0" />
            <property name="repeatIteration" value="0" />
          </properties>
        </test-case>
        <test-case id="1022" name="TickTimes_EndOnBoundary_ExcludesEndTick_TailWins" fullname="HoldJudgmentTrackerTests.TickTimes_EndOnBoundary_ExcludesEndTick_TailWins" methodname="TickTimes_EndOnBoundary_ExcludesEndTick_TailWins" classname="HoldJudgmentTrackerTests" runstate="Runnable" seed="552608608" result="Passed" start-time="2026-07-03 12:31:19Z" end-time="2026-07-03 12:31:19Z" duration="0.000120" asserts="0">
          <properties>
            <property name="retryIteration" value="0" />
            <property name="repeatIteration" value="0" />
          </properties>
        </test-case>
      </test-suite>
      <test-suite type="TestFixture" id="1043" name="InMemoryOffsetRepositoryTests" fullname="InMemoryOffsetRepositoryTests" classname="InMemoryOffsetRepositoryTests" runstate="Runnable" testcasecount="12" result="Passed" start-time="2026-07-03 12:31:19Z" end-time="2026-07-03 12:31:19Z" duration="0.019039" total="12" passed="12" failed="0" inconclusive="0" skipped="0" asserts="0">
        <properties />
        <test-case id="1050" name="ActiveProfileId_DefaultIsDefault" fullname="InMemoryOffsetRepositoryTests.ActiveProfileId_DefaultIsDefault" methodname="ActiveProfileId_DefaultIsDefault" classname="InMemoryOffsetRepositoryTests" runstate="Runnable" seed="1951150313" result="Passed" start-time="2026-07-03 12:31:19Z" end-time="2026-07-03 12:31:19Z" duration="0.005972" asserts="0">
          <properties>
            <property name="retryIteration" value="0" />
            <property name="repeatIteration" value="0" />
          </properties>
        </test-case>
        <test-case id="1048" name="DeleteDefaultProfile_Rejected" fullname="InMemoryOffsetRepositoryTests.DeleteDefaultProfile_Rejected" methodname="DeleteDefaultProfile_Rejected" classname="InMemoryOffsetRepositoryTests" runstate="Runnable" seed="964189634" result="Passed" start-time="2026-07-03 12:31:19Z" end-time="2026-07-03 12:31:19Z" duration="0.001421" asserts="0">
          <properties>
            <property name="retryIteration" value="0" />
            <property name="repeatIteration" value="0" />
          </properties>
        </test-case>
        <test-case id="1049" name="DeleteNonDefaultProfile_Succeeds" fullname="InMemoryOffsetRepositoryTests.DeleteNonDefaultProfile_Succeeds" methodname="DeleteNonDefaultProfile_Succeeds" classname="InMemoryOffsetRepositoryTests" runstate="Runnable" seed="1199818469" result="Passed" start-time="2026-07-03 12:31:19Z" end-time="2026-07-03 12:31:19Z" duration="0.001000" asserts="0">
          <properties>
            <property name="retryIteration" value="0" />
            <property name="repeatIteration" value="0" />
          </properties>
        </test-case>
        <test-case id="1047" name="GetProfileByOsDeviceName_NoMatch_ReturnsNull" fullname="InMemoryOffsetRepositoryTests.GetProfileByOsDeviceName_NoMatch_ReturnsNull" methodname="GetProfileByOsDeviceName_NoMatch_ReturnsNull" classname="InMemoryOffsetRepositoryTests" runstate="Runnable" seed="493220173" result="Passed" start-time="2026-07-03 12:31:19Z" end-time="2026-07-03 12:31:19Z" duration="0.001327" asserts="0">
          <properties>
            <property name="retryIteration" value="0" />
            <property name="repeatIteration" value="0" />
          </properties>
        </test-case>
        <test-case id="1046" name="GetProfileByOsDeviceName_ReturnsCorrectProfile" fullname="InMemoryOffsetRepositoryTests.GetProfileByOsDeviceName_ReturnsCorrectProfile" methodname="GetProfileByOsDeviceName_ReturnsCorrectProfile" classname="InMemoryOffsetRepositoryTests" runstate="Runnable" seed="1163853399" result="Passed" start-time="2026-07-03 12:31:19Z" end-time="2026-07-03 12:31:19Z" duration="0.000864" asserts="0">
          <properties>
            <property name="retryIteration" value="0" />
            <property name="repeatIteration" value="0" />
          </properties>
        </test-case>
        <test-case id="1044" name="Initialize_CreatesDefaultProfile" fullname="InMemoryOffsetRepositoryTests.Initialize_CreatesDefaultProfile" methodname="Initialize_CreatesDefaultProfile" classname="InMemoryOffsetRepositoryTests" runstate="Runnable" seed="981413532" result="Passed" start-time="2026-07-03 12:31:19Z" end-time="2026-07-03 12:31:19Z" duration="0.000955" asserts="0">
          <properties>
            <property name="retryIteration" value="0" />
            <property name="repeatIteration" value="0" />
          </properties>
        </test-case>
        <test-case id="1054" name="PerSongOffset_ClampedToMaxMs" fullname="InMemoryOffsetRepositoryTests.PerSongOffset_ClampedToMaxMs" methodname="PerSongOffset_ClampedToMaxMs" classname="InMemoryOffsetRepositoryTests" runstate="Runnable" seed="22963138" result="Passed" start-time="2026-07-03 12:31:19Z" end-time="2026-07-03 12:31:19Z" duration="0.001070" asserts="0">
          <properties>
            <property name="retryIteration" value="0" />
            <property name="repeatIteration" value="0" />
          </properties>
        </test-case>
        <test-case id="1055" name="PerSongOffset_ClampedToMinMs" fullname="InMemoryOffsetRepositoryTests.PerSongOffset_ClampedToMinMs" methodname="PerSongOffset_ClampedToMinMs" classname="InMemoryOffsetRepositoryTests" runstate="Runnable" seed="934013817" result="Passed" start-time="2026-07-03 12:31:19Z" end-time="2026-07-03 12:31:19Z" duration="0.000731" asserts="0">
          <properties>
            <property name="retryIteration" value="0" />
            <property name="repeatIteration" value="0" />
          </properties>
        </test-case>
        <test-case id="1052" name="PerSongOffset_DefaultIsZero" fullname="InMemoryOffsetRepositoryTests.PerSongOffset_DefaultIsZero" methodname="PerSongOffset_DefaultIsZero" classname="InMemoryOffsetRepositoryTests" runstate="Runnable" seed="62125504" result="Passed" start-time="2026-07-03 12:31:19Z" end-time="2026-07-03 12:31:19Z" duration="0.000844" asserts="0">
          <properties>
            <property name="retryIteration" value="0" />
            <property name="repeatIteration" value="0" />
          </properties>
        </test-case>
        <test-case id="1053" name="PerSongOffset_SaveAndRetrieve" fullname="InMemoryOffsetRepositoryTests.PerSongOffset_SaveAndRetrieve" methodname="PerSongOffset_SaveAndRetrieve" classname="InMemoryOffsetRepositoryTests" runstate="Runnable" seed="983090339" result="Passed" start-time="2026-07-03 12:31:19Z" end-time="2026-07-03 12:31:19Z" duration="0.000713" asserts="0">
          <properties>
            <property name="retryIteration" value="0" />
            <property name="repeatIteration" value="0" />
          </properties>
        </test-case>
        <test-case id="1045" name="SaveAndGetProfile" fullname="InMemoryOffsetRepositoryTests.SaveAndGetProfile" methodname="SaveAndGetProfile" classname="InMemoryOffsetRepositoryTests" runstate="Runnable" seed="1991125752" result="Passed" start-time="2026-07-03 12:31:19Z" end-time="2026-07-03 12:31:19Z" duration="0.000873" asserts="0">
          <properties>
            <property name="retryIteration" value="0" />
            <property name="repeatIteration" value="0" />
          </properties>
        </test-case>
        <test-case id="1051" name="SetActiveProfileId_Persists" fullname="InMemoryOffsetRepositoryTests.SetActiveProfileId_Persists" methodname="SetActiveProfileId_Persists" classname="InMemoryOffsetRepositoryTests" runstate="Runnable" seed="1517413341" result="Passed" start-time="2026-07-03 12:31:19Z" end-time="2026-07-03 12:31:19Z" duration="0.000941" asserts="0">
          <properties>
            <property name="retryIteration" value="0" />
            <property name="repeatIteration" value="0" />
          </properties>
        </test-case>
      </test-suite>
      <test-suite type="TestFixture" id="1056" name="InMemoryPlayRecordRepositoryTests" fullname="InMemoryPlayRecordRepositoryTests" classname="InMemoryPlayRecordRepositoryTests" runstate="Runnable" testcasecount="14" result="Passed" start-time="2026-07-03 12:31:19Z" end-time="2026-07-03 12:31:19Z" duration="0.028290" total="14" passed="14" failed="0" inconclusive="0" skipped="0" asserts="0">
        <properties />
        <test-case id="1065" name="ClearReplayPath_NullsTheStoredPath" fullname="InMemoryPlayRecordRepositoryTests.ClearReplayPath_NullsTheStoredPath" methodname="ClearReplayPath_NullsTheStoredPath" classname="InMemoryPlayRecordRepositoryTests" runstate="Runnable" seed="317383485" result="Passed" start-time="2026-07-03 12:31:19Z" end-time="2026-07-03 12:31:19Z" duration="0.002577" asserts="0">
          <properties>
            <property name="retryIteration" value="0" />
            <property name="repeatIteration" value="0" />
          </properties>
        </test-case>
        <test-case id="1063" name="DeleteAll_ClearsEverything" fullname="InMemoryPlayRecordRepositoryTests.DeleteAll_ClearsEverything" methodname="DeleteAll_ClearsEverything" classname="InMemoryPlayRecordRepositoryTests" runstate="Runnable" seed="2015833475" result="Passed" start-time="2026-07-03 12:31:19Z" end-time="2026-07-03 12:31:19Z" duration="0.001133" asserts="0">
          <properties>
            <property name="retryIteration" value="0" />
            <property name="repeatIteration" value="0" />
          </properties>
        </test-case>
        <test-case id="1070" name="DeleteAll_ClearsPvpMatchesToo" fullname="InMemoryPlayRecordRepositoryTests.DeleteAll_ClearsPvpMatchesToo" methodname="DeleteAll_ClearsPvpMatchesToo" classname="InMemoryPlayRecordRepositoryTests" runstate="Runnable" seed="1491471842" result="Passed" start-time="2026-07-03 12:31:19Z" end-time="2026-07-03 12:31:19Z" duration="0.003179" asserts="0">
          <properties>
            <property name="retryIteration" value="0" />
            <property name="repeatIteration" value="0" />
          </properties>
        </test-case>
        <test-case id="1069" name="DeletePvpMatch_RemovesOne" fullname="InMemoryPlayRecordRepositoryTests.DeletePvpMatch_RemovesOne" methodname="DeletePvpMatch_RemovesOne" classname="InMemoryPlayRecordRepositoryTests" runstate="Runnable" seed="1264010696" result="Passed" start-time="2026-07-03 12:31:19Z" end-time="2026-07-03 12:31:19Z" duration="0.001933" asserts="0">
          <properties>
            <property name="retryIteration" value="0" />
            <property name="repeatIteration" value="0" />
          </properties>
        </test-case>
        <test-case id="1060" name="GetBest_AchievementsAccumulate" fullname="InMemoryPlayRecordRepositoryTests.GetBest_AchievementsAccumulate" methodname="GetBest_AchievementsAccumulate" classname="InMemoryPlayRecordRepositoryTests" runstate="Runnable" seed="604541666" result="Passed" start-time="2026-07-03 12:31:19Z" end-time="2026-07-03 12:31:19Z" duration="0.000859" asserts="0">
          <properties>
            <property name="retryIteration" value="0" />
            <property name="repeatIteration" value="0" />
          </properties>
        </test-case>
        <test-case id="1059" name="GetBest_MultipleRecords_ReturnsHighest" fullname="InMemoryPlayRecordRepositoryTests.GetBest_MultipleRecords_ReturnsHighest" methodname="GetBest_MultipleRecords_ReturnsHighest" classname="InMemoryPlayRecordRepositoryTests" runstate="Runnable" seed="1091739507" result="Passed" start-time="2026-07-03 12:31:19Z" end-time="2026-07-03 12:31:19Z" duration="0.000982" asserts="0">
          <properties>
            <property name="retryIteration" value="0" />
            <property name="repeatIteration" value="0" />
          </properties>
        </test-case>
        <test-case id="1058" name="GetBest_NoRecord_ReturnsNull" fullname="InMemoryPlayRecordRepositoryTests.GetBest_NoRecord_ReturnsNull" methodname="GetBest_NoRecord_ReturnsNull" classname="InMemoryPlayRecordRepositoryTests" runstate="Runnable" seed="332889264" result="Passed" start-time="2026-07-03 12:31:19Z" end-time="2026-07-03 12:31:19Z" duration="0.000607" asserts="0">
          <properties>
            <property name="retryIteration" value="0" />
            <property name="repeatIteration" value="0" />
          </properties>
        </test-case>
        <test-case id="1061" name="GetBest_SeparatedByDifficulty" fullname="InMemoryPlayRecordRepositoryTests.GetBest_SeparatedByDifficulty" methodname="GetBest_SeparatedByDifficulty" classname="InMemoryPlayRecordRepositoryTests" runstate="Runnable" seed="879858357" result="Passed" start-time="2026-07-03 12:31:19Z" end-time="2026-07-03 12:31:19Z" duration="0.001056" asserts="0">
          <properties>
            <property name="retryIteration" value="0" />
            <property name="repeatIteration" value="0" />
          </properties>
        </test-case>
        <test-case id="1062" name="GetHistory_OrderedByPlayedAtDesc" fullname="InMemoryPlayRecordRepositoryTests.GetHistory_OrderedByPlayedAtDesc" methodname="GetHistory_OrderedByPlayedAtDesc" classname="InMemoryPlayRecordRepositoryTests" runstate="Runnable" seed="1047052225" result="Passed" start-time="2026-07-03 12:31:19Z" end-time="2026-07-03 12:31:19Z" duration="0.003079" asserts="0">
          <properties>
            <property name="retryIteration" value="0" />
            <property name="repeatIteration" value="0" />
          </properties>
        </test-case>
        <test-case id="1066" name="GetRecentPvpMatches_OrderedByCompletedDesc_AndLimited" fullname="InMemoryPlayRecordRepositoryTests.GetRecentPvpMatches_OrderedByCompletedDesc_AndLimited" methodname="GetRecentPvpMatches_OrderedByCompletedDesc_AndLimited" classname="InMemoryPlayRecordRepositoryTests" runstate="Runnable" seed="1462436629" result="Passed" start-time="2026-07-03 12:31:19Z" end-time="2026-07-03 12:31:19Z" duration="0.001472" asserts="0">
          <properties>
            <property name="retryIteration" value="0" />
            <property name="repeatIteration" value="0" />
          </properties>
        </test-case>
        <test-case id="1067" name="GetStalePvpMatches_ReturnsEverythingBeyondKeep" fullname="InMemoryPlayRecordRepositoryTests.GetStalePvpMatches_ReturnsEverythingBeyondKeep" methodname="GetStalePvpMatches_ReturnsEverythingBeyondKeep" classname="InMemoryPlayRecordRepositoryTests" runstate="Runnable" seed="582256895" result="Passed" start-time="2026-07-03 12:31:19Z" end-time="2026-07-03 12:31:19Z" duration="0.002952" asserts="0">
          <properties>
            <property name="retryIteration" value="0" />
            <property name="repeatIteration" value="0" />
          </properties>
        </test-case>
        <test-case id="1064" name="GetTotalPlays_CountsAllRecords" fullname="InMemoryPlayRecordRepositoryTests.GetTotalPlays_CountsAllRecords" methodname="GetTotalPlays_CountsAllRecords" classname="InMemoryPlayRecordRepositoryTests" runstate="Runnable" seed="554885731" result="Passed" start-time="2026-07-03 12:31:19Z" end-time="2026-07-03 12:31:19Z" duration="0.001505" asserts="0">
          <properties>
            <property name="retryIteration" value="0" />
            <property name="repeatIteration" value="0" />
          </properties>
        </test-case>
        <test-case id="1057" name="SaveAndGetById" fullname="InMemoryPlayRecordRepositoryTests.SaveAndGetById" methodname="SaveAndGetById" classname="InMemoryPlayRecordRepositoryTests" runstate="Runnable" seed="2000765171" result="Passed" start-time="2026-07-03 12:31:19Z" end-time="2026-07-03 12:31:19Z" duration="0.001264" asserts="0">
          <properties>
            <property name="retryIteration" value="0" />
            <property name="repeatIteration" value="0" />
          </properties>
        </test-case>
        <test-case id="1068" name="SavePvpMatch_SameIdOverwrites" fullname="InMemoryPlayRecordRepositoryTests.SavePvpMatch_SameIdOverwrites" methodname="SavePvpMatch_SameIdOverwrites" classname="InMemoryPlayRecordRepositoryTests" runstate="Runnable" seed="615113730" result="Passed" start-time="2026-07-03 12:31:19Z" end-time="2026-07-03 12:31:19Z" duration="0.003188" asserts="0">
          <properties>
            <property name="retryIteration" value="0" />
            <property name="repeatIteration" value="0" />
          </properties>
        </test-case>
      </test-suite>
      <test-suite type="TestFixture" id="1079" name="JudgmentEngineTests" fullname="JudgmentEngineTests" classname="JudgmentEngineTests" runstate="Runnable" testcasecount="19" result="Passed" start-time="2026-07-03 12:31:19Z" end-time="2026-07-03 12:31:19Z" duration="0.031435" total="19" passed="19" failed="0" inconclusive="0" skipped="0" asserts="0">
        <properties />
        <test-case id="1085" name="AllMiss_HoldOnly_HeadCountedAsMiss" fullname="JudgmentEngineTests.AllMiss_HoldOnly_HeadCountedAsMiss" methodname="AllMiss_HoldOnly_HeadCountedAsMiss" classname="JudgmentEngineTests" runstate="Runnable" seed="1650795931" result="Passed" start-time="2026-07-03 12:31:19Z" end-time="2026-07-03 12:31:19Z" duration="0.011284" asserts="0">
          <properties>
            <property name="retryIteration" value="0" />
            <property name="repeatIteration" value="0" />
          </properties>
        </test-case>
        <test-case id="1084" name="AllMiss_TapOnly_GivesZero" fullname="JudgmentEngineTests.AllMiss_TapOnly_GivesZero" methodname="AllMiss_TapOnly_GivesZero" classname="JudgmentEngineTests" runstate="Runnable" seed="524107374" result="Passed" start-time="2026-07-03 12:31:19Z" end-time="2026-07-03 12:31:19Z" duration="0.001316" asserts="0">
          <properties>
            <property name="retryIteration" value="0" />
            <property name="repeatIteration" value="0" />
          </properties>
        </test-case>
        <test-case id="1082" name="AllPerfectPlus_HoldOnly_GivesExactly1000000" fullname="JudgmentEngineTests.AllPerfectPlus_HoldOnly_GivesExactly1000000" methodname="AllPerfectPlus_HoldOnly_GivesExactly1000000" classname="JudgmentEngineTests" runstate="Runnable" seed="1477140088" result="Passed" start-time="2026-07-03 12:31:19Z" end-time="2026-07-03 12:31:19Z" duration="0.006275" asserts="0">
          <properties>
            <property name="retryIteration" value="0" />
            <property name="repeatIteration" value="0" />
          </properties>
        </test-case>
        <test-case id="1081" name="AllPerfectPlus_LargeChart_GivesExactly1000000" fullname="JudgmentEngineTests.AllPerfectPlus_LargeChart_GivesExactly1000000" methodname="AllPerfectPlus_LargeChart_GivesExactly1000000" classname="JudgmentEngineTests" runstate="Runnable" seed="597921903" result="Passed" start-time="2026-07-03 12:31:19Z" end-time="2026-07-03 12:31:19Z" duration="0.001531" asserts="0">
          <properties>
            <property name="retryIteration" value="0" />
            <property name="repeatIteration" value="0" />
          </properties>
        </test-case>
        <test-case id="1083" name="AllPerfectPlus_MixedTapAndHold_GivesExactly1000000" fullname="JudgmentEngineTests.AllPerfectPlus_MixedTapAndHold_GivesExactly1000000" methodname="AllPerfectPlus_MixedTapAndHold_GivesExactly1000000" classname="JudgmentEngineTests" runstate="Runnable" seed="1320582320" result="Passed" start-time="2026-07-03 12:31:19Z" end-time="2026-07-03 12:31:19Z" duration="0.000319" asserts="0">
          <properties>
            <property name="retryIteration" value="0" />
            <property name="repeatIteration" value="0" />
          </properties>
        </test-case>
        <test-case id="1080" name="AllPerfectPlus_TapOnly_GivesExactly1000000" fullname="JudgmentEngineTests.AllPerfectPlus_TapOnly_GivesExactly1000000" methodname="AllPerfectPlus_TapOnly_GivesExactly1000000" classname="JudgmentEngineTests" runstate="Runnable" seed="1342637075" result="Passed" start-time="2026-07-03 12:31:19Z" end-time="2026-07-03 12:31:19Z" duration="0.000251" asserts="0">
          <properties>
            <property name="retryIteration" value="0" />
            <property name="repeatIteration" value="0" />
          </properties>
        </test-case>
        <test-case id="1095" name="EmptyEvents_TreatedAsAllMiss" fullname="JudgmentEngineTests.EmptyEvents_TreatedAsAllMiss" methodname="EmptyEvents_TreatedAsAllMiss" classname="JudgmentEngineTests" runstate="Runnable" seed="1991881299" result="Passed" start-time="2026-07-03 12:31:19Z" end-time="2026-07-03 12:31:19Z" duration="0.000185" asserts="0">
          <properties>
            <property name="retryIteration" value="0" />
            <property name="repeatIteration" value="0" />
          </properties>
        </test-case>
        <test-case id="1090" name="NegativeOffset_CountsAsFast" fullname="JudgmentEngineTests.NegativeOffset_CountsAsFast" methodname="NegativeOffset_CountsAsFast" classname="JudgmentEngineTests" runstate="Runnable" seed="1308596204" result="Passed" start-time="2026-07-03 12:31:19Z" end-time="2026-07-03 12:31:19Z" duration="0.000737" asserts="0">
          <properties>
            <property name="retryIteration" value="0" />
            <property name="repeatIteration" value="0" />
          </properties>
        </test-case>
        <test-case id="1094" name="NullEvents_TreatedAsAllMiss" fullname="JudgmentEngineTests.NullEvents_TreatedAsAllMiss" methodname="NullEvents_TreatedAsAllMiss" classname="JudgmentEngineTests" runstate="Runnable" seed="909061826" result="Passed" start-time="2026-07-03 12:31:19Z" end-time="2026-07-03 12:31:19Z" duration="0.000259" asserts="0">
          <properties>
            <property name="retryIteration" value="0" />
            <property name="repeatIteration" value="0" />
          </properties>
        </test-case>
        <test-case id="1089" name="Offset101ms_GivesMiss" fullname="JudgmentEngineTests.Offset101ms_GivesMiss" methodname="Offset101ms_GivesMiss" classname="JudgmentEngineTests" runstate="Runnable" seed="10968886" result="Passed" start-time="2026-07-03 12:31:19Z" end-time="2026-07-03 12:31:19Z" duration="0.000223" asserts="0">
          <properties>
            <property name="retryIteration" value="0" />
            <property name="repeatIteration" value="0" />
          </properties>
        </test-case>
        <test-case id="1086" name="Offset20ms_GivesPerfect" fullname="JudgmentEngineTests.Offset20ms_GivesPerfect" methodname="Offset20ms_GivesPerfect" classname="JudgmentEngineTests" runstate="Runnable" seed="1269391793" result="Passed" start-time="2026-07-03 12:31:19Z" end-time="2026-07-03 12:31:19Z" duration="0.000254" asserts="0">
          <properties>
            <property name="retryIteration" value="0" />
            <property name="repeatIteration" value="0" />
          </properties>
        </test-case>
        <test-case id="1087" name="Offset40ms_GivesGreat" fullname="JudgmentEngineTests.Offset40ms_GivesGreat" methodname="Offset40ms_GivesGreat" classname="JudgmentEngineTests" runstate="Runnable" seed="994894613" result="Passed" start-time="2026-07-03 12:31:19Z" end-time="2026-07-03 12:31:19Z" duration="0.000316" asserts="0">
          <properties>
            <property name="retryIteration" value="0" />
            <property name="repeatIteration" value="0" />
          </properties>
        </test-case>
        <test-case id="1088" name="Offset70ms_GivesGood" fullname="JudgmentEngineTests.Offset70ms_GivesGood" methodname="Offset70ms_GivesGood" classname="JudgmentEngineTests" runstate="Runnable" seed="680011069" result="Passed" start-time="2026-07-03 12:31:19Z" end-time="2026-07-03 12:31:19Z" duration="0.000232" asserts="0">
          <properties>
            <property name="retryIteration" value="0" />
            <property name="repeatIteration" value="0" />
          </properties>
        </test-case>
        <test-case id="1097" name="OnJudgment_ComboIncreasesPerEvent" fullname="JudgmentEngineTests.OnJudgment_ComboIncreasesPerEvent" methodname="OnJudgment_ComboIncreasesPerEvent" classname="JudgmentEngineTests" runstate="Runnable" seed="1713588637" result="Passed" start-time="2026-07-03 12:31:19Z" end-time="2026-07-03 12:31:19Z" duration="0.001293" asserts="0">
          <properties>
            <property name="retryIteration" value="0" />
            <property name="repeatIteration" value="0" />
          </properties>
        </test-case>
        <test-case id="1096" name="OnJudgment_FiredForEachNote" fullname="JudgmentEngineTests.OnJudgment_FiredForEachNote" methodname="OnJudgment_FiredForEachNote" classname="JudgmentEngineTests" runstate="Runnable" seed="1642828458" result="Passed" start-time="2026-07-03 12:31:19Z" end-time="2026-07-03 12:31:19Z" duration="0.001406" asserts="0">
          <properties>
            <property name="retryIteration" value="0" />
            <property name="repeatIteration" value="0" />
          </properties>
        </test-case>
        <test-case id="1091" name="PositiveOffset_CountsAsLate" fullname="JudgmentEngineTests.PositiveOffset_CountsAsLate" methodname="PositiveOffset_CountsAsLate" classname="JudgmentEngineTests" runstate="Runnable" seed="429658248" result="Passed" start-time="2026-07-03 12:31:19Z" end-time="2026-07-03 12:31:19Z" duration="0.000229" asserts="0">
          <properties>
            <property name="retryIteration" value="0" />
            <property name="repeatIteration" value="0" />
          </properties>
        </test-case>
        <test-case id="1098" name="RealisticChart_HoldHeavy_AllPerfectPlusGives1000000" fullname="JudgmentEngineTests.RealisticChart_HoldHeavy_AllPerfectPlusGives1000000" methodname="RealisticChart_HoldHeavy_AllPerfectPlusGives1000000" classname="JudgmentEngineTests" runstate="Runnable" seed="964334651" result="Passed" start-time="2026-07-03 12:31:19Z" end-time="2026-07-03 12:31:19Z" duration="0.000233" asserts="0">
          <properties>
            <property name="retryIteration" value="0" />
            <property name="repeatIteration" value="0" />
          </properties>
        </test-case>
        <test-case id="1093" name="Run_IsDeterministic" fullname="JudgmentEngineTests.Run_IsDeterministic" methodname="Run_IsDeterministic" classname="JudgmentEngineTests" runstate="Runnable" seed="1093823147" result="Passed" start-time="2026-07-03 12:31:19Z" end-time="2026-07-03 12:31:19Z" duration="0.000420" asserts="0">
          <properties>
            <property name="retryIteration" value="0" />
            <property name="repeatIteration" value="0" />
          </properties>
        </test-case>
        <test-case id="1092" name="SectorScores_SumEqualsCurrentScore" fullname="JudgmentEngineTests.SectorScores_SumEqualsCurrentScore" methodname="SectorScores_SumEqualsCurrentScore" classname="JudgmentEngineTests" runstate="Runnable" seed="1153601178" result="Passed" start-time="2026-07-03 12:31:19Z" end-time="2026-07-03 12:31:19Z" duration="0.001558" asserts="0">
          <properties>
            <property name="retryIteration" value="0" />
            <property name="repeatIteration" value="0" />
          </properties>
        </test-case>
      </test-suite>
      <test-suite type="TestFixture" id="1099" name="JudgmentRunnerTests" fullname="JudgmentRunnerTests" classname="JudgmentRunnerTests" runstate="Runnable" testcasecount="18" result="Passed" start-time="2026-07-03 12:31:19Z" end-time="2026-07-03 12:31:19Z" duration="0.017236" total="18" passed="18" failed="0" inconclusive="0" skipped="0" asserts="0">
        <properties />
        <test-case id="1105" name="AllMiss_HoldOnly_HeadCountedAsMiss" fullname="JudgmentRunnerTests.AllMiss_HoldOnly_HeadCountedAsMiss" methodname="AllMiss_HoldOnly_HeadCountedAsMiss" classname="JudgmentRunnerTests" runstate="Runnable" seed="2084370659" result="Passed" start-time="2026-07-03 12:31:19Z" end-time="2026-07-03 12:31:19Z" duration="0.000801" asserts="0">
          <properties>
            <property name="retryIteration" value="0" />
            <property name="repeatIteration" value="0" />
          </properties>
        </test-case>
        <test-case id="1104" name="AllMiss_TapOnly_GivesZero" fullname="JudgmentRunnerTests.AllMiss_TapOnly_GivesZero" methodname="AllMiss_TapOnly_GivesZero" classname="JudgmentRunnerTests" runstate="Runnable" seed="1286332516" result="Passed" start-time="2026-07-03 12:31:19Z" end-time="2026-07-03 12:31:19Z" duration="0.000256" asserts="0">
          <properties>
            <property name="retryIteration" value="0" />
            <property name="repeatIteration" value="0" />
          </properties>
        </test-case>
        <test-case id="1102" name="AllPerfectPlus_HoldOnly_GivesExactly1000000" fullname="JudgmentRunnerTests.AllPerfectPlus_HoldOnly_GivesExactly1000000" methodname="AllPerfectPlus_HoldOnly_GivesExactly1000000" classname="JudgmentRunnerTests" runstate="Runnable" seed="295441710" result="Passed" start-time="2026-07-03 12:31:19Z" end-time="2026-07-03 12:31:19Z" duration="0.000214" asserts="0">
          <properties>
            <property name="retryIteration" value="0" />
            <property name="repeatIteration" value="0" />
          </properties>
        </test-case>
        <test-case id="1101" name="AllPerfectPlus_LargeChart_GivesExactly1000000" fullname="JudgmentRunnerTests.AllPerfectPlus_LargeChart_GivesExactly1000000" methodname="AllPerfectPlus_LargeChart_GivesExactly1000000" classname="JudgmentRunnerTests" runstate="Runnable" seed="340166751" result="Passed" start-time="2026-07-03 12:31:19Z" end-time="2026-07-03 12:31:19Z" duration="0.000948" asserts="0">
          <properties>
            <property name="retryIteration" value="0" />
            <property name="repeatIteration" value="0" />
          </properties>
        </test-case>
        <test-case id="1103" name="AllPerfectPlus_MixedTapAndHold_GivesExactly1000000" fullname="JudgmentRunnerTests.AllPerfectPlus_MixedTapAndHold_GivesExactly1000000" methodname="AllPerfectPlus_MixedTapAndHold_GivesExactly1000000" classname="JudgmentRunnerTests" runstate="Runnable" seed="360978434" result="Passed" start-time="2026-07-03 12:31:19Z" end-time="2026-07-03 12:31:19Z" duration="0.000266" asserts="0">
          <properties>
            <property name="retryIteration" value="0" />
            <property name="repeatIteration" value="0" />
          </properties>
        </test-case>
        <test-case id="1100" name="AllPerfectPlus_TapOnly_GivesExactly1000000" fullname="JudgmentRunnerTests.AllPerfectPlus_TapOnly_GivesExactly1000000" methodname="AllPerfectPlus_TapOnly_GivesExactly1000000" classname="JudgmentRunnerTests" runstate="Runnable" seed="200061953" result="Passed" start-time="2026-07-03 12:31:19Z" end-time="2026-07-03 12:31:19Z" duration="0.000228" asserts="0">
          <properties>
            <property name="retryIteration" value="0" />
            <property name="repeatIteration" value="0" />
          </properties>
        </test-case>
        <test-case id="1116" name="EmptyReplayEvents_TreatedAsAllMiss" fullname="JudgmentRunnerTests.EmptyReplayEvents_TreatedAsAllMiss" methodname="EmptyReplayEvents_TreatedAsAllMiss" classname="JudgmentRunnerTests" runstate="Runnable" seed="1324867002" result="Passed" start-time="2026-07-03 12:31:19Z" end-time="2026-07-03 12:31:19Z" duration="0.000189" asserts="0">
          <properties>
            <property name="retryIteration" value="0" />
            <property name="repeatIteration" value="0" />
          </properties>
        </test-case>
        <test-case id="1113" name="FullRoundTrip_EncodeDecodeRun_GivesConsistentScore" fullname="JudgmentRunnerTests.FullRoundTrip_EncodeDecodeRun_GivesConsistentScore" methodname="FullRoundTrip_EncodeDecodeRun_GivesConsistentScore" classname="JudgmentRunnerTests" runstate="Runnable" seed="226670231" result="Passed" start-time="2026-07-03 12:31:19Z" end-time="2026-07-03 12:31:19Z" duration="0.008435" asserts="0">
          <properties>
            <property name="retryIteration" value="0" />
            <property name="repeatIteration" value="0" />
          </properties>
        </test-case>
        <test-case id="1110" name="NegativeOffset_CountsAsFast" fullname="JudgmentRunnerTests.NegativeOffset_CountsAsFast" methodname="NegativeOffset_CountsAsFast" classname="JudgmentRunnerTests" runstate="Runnable" seed="753141579" result="Passed" start-time="2026-07-03 12:31:19Z" end-time="2026-07-03 12:31:19Z" duration="0.000330" asserts="0">
          <properties>
            <property name="retryIteration" value="0" />
            <property name="repeatIteration" value="0" />
          </properties>
        </test-case>
        <test-case id="1115" name="NullReplayEvents_TreatedAsAllMiss" fullname="JudgmentRunnerTests.NullReplayEvents_TreatedAsAllMiss" methodname="NullReplayEvents_TreatedAsAllMiss" classname="JudgmentRunnerTests" runstate="Runnable" seed="36280135" result="Passed" start-time="2026-07-03 12:31:19Z" end-time="2026-07-03 12:31:19Z" duration="0.000265" asserts="0">
          <properties>
            <property name="retryIteration" value="0" />
            <property name="repeatIteration" value="0" />
          </properties>
        </test-case>
        <test-case id="1109" name="Offset101ms_GivesMiss" fullname="JudgmentRunnerTests.Offset101ms_GivesMiss" methodname="Offset101ms_GivesMiss" classname="JudgmentRunnerTests" runstate="Runnable" seed="1621138842" result="Passed" start-time="2026-07-03 12:31:19Z" end-time="2026-07-03 12:31:19Z" duration="0.000215" asserts="0">
          <properties>
            <property name="retryIteration" value="0" />
            <property name="repeatIteration" value="0" />
          </properties>
        </test-case>
        <test-case id="1106" name="Offset20ms_GivesPerfect" fullname="JudgmentRunnerTests.Offset20ms_GivesPerfect" methodname="Offset20ms_GivesPerfect" classname="JudgmentRunnerTests" runstate="Runnable" seed="1033756268" result="Passed" start-time="2026-07-03 12:31:19Z" end-time="2026-07-03 12:31:19Z" duration="0.000284" asserts="0">
          <properties>
            <property name="retryIteration" value="0" />
            <property name="repeatIteration" value="0" />
          </properties>
        </test-case>
        <test-case id="1107" name="Offset40ms_GivesGreat" fullname="JudgmentRunnerTests.Offset40ms_GivesGreat" methodname="Offset40ms_GivesGreat" classname="JudgmentRunnerTests" runstate="Runnable" seed="1300543893" result="Passed" start-time="2026-07-03 12:31:19Z" end-time="2026-07-03 12:31:19Z" duration="0.000290" asserts="0">
          <properties>
            <property name="retryIteration" value="0" />
            <property name="repeatIteration" value="0" />
          </properties>
        </test-case>
        <test-case id="1108" name="Offset70ms_GivesGood" fullname="JudgmentRunnerTests.Offset70ms_GivesGood" methodname="Offset70ms_GivesGood" classname="JudgmentRunnerTests" runstate="Runnable" seed="810615310" result="Passed" start-time="2026-07-03 12:31:19Z" end-time="2026-07-03 12:31:19Z" duration="0.000264" asserts="0">
          <properties>
            <property name="retryIteration" value="0" />
            <property name="repeatIteration" value="0" />
          </properties>
        </test-case>
        <test-case id="1111" name="PositiveOffset_CountsAsLate" fullname="JudgmentRunnerTests.PositiveOffset_CountsAsLate" methodname="PositiveOffset_CountsAsLate" classname="JudgmentRunnerTests" runstate="Runnable" seed="1494379515" result="Passed" start-time="2026-07-03 12:31:19Z" end-time="2026-07-03 12:31:19Z" duration="0.000248" asserts="0">
          <properties>
            <property name="retryIteration" value="0" />
            <property name="repeatIteration" value="0" />
          </properties>
        </test-case>
        <test-case id="1117" name="RealisticChart_HoldHeavy_AllPerfectPlusGives1000000" fullname="JudgmentRunnerTests.RealisticChart_HoldHeavy_AllPerfectPlusGives1000000" methodname="RealisticChart_HoldHeavy_AllPerfectPlusGives1000000" classname="JudgmentRunnerTests" runstate="Runnable" seed="401668941" result="Passed" start-time="2026-07-03 12:31:19Z" end-time="2026-07-03 12:31:19Z" duration="0.000279" asserts="0">
          <properties>
            <property name="retryIteration" value="0" />
            <property name="repeatIteration" value="0" />
          </properties>
        </test-case>
        <test-case id="1114" name="Run_IsDeterministic" fullname="JudgmentRunnerTests.Run_IsDeterministic" methodname="Run_IsDeterministic" classname="JudgmentRunnerTests" runstate="Runnable" seed="410563452" result="Passed" start-time="2026-07-03 12:31:19Z" end-time="2026-07-03 12:31:19Z" duration="0.000417" asserts="0">
          <properties>
            <property name="retryIteration" value="0" />
            <property name="repeatIteration" value="0" />
          </properties>
        </test-case>
        <test-case id="1112" name="SectorScores_SumEqualsCurrentScore" fullname="JudgmentRunnerTests.SectorScores_SumEqualsCurrentScore" methodname="SectorScores_SumEqualsCurrentScore" classname="JudgmentRunnerTests" runstate="Runnable" seed="246519128" result="Passed" start-time="2026-07-03 12:31:19Z" end-time="2026-07-03 12:31:19Z" duration="0.000589" asserts="0">
          <properties>
            <property name="retryIteration" value="0" />
            <property name="repeatIteration" value="0" />
          </properties>
        </test-case>
      </test-suite>
      <test-suite type="TestFixture" id="1118" name="JudgmentWindowTests" fullname="JudgmentWindowTests" classname="JudgmentWindowTests" runstate="Runnable" testcasecount="18" result="Passed" start-time="2026-07-03 12:31:19Z" end-time="2026-07-03 12:31:19Z" duration="0.006923" total="18" passed="18" failed="0" inconclusive="0" skipped="0" asserts="0">
        <properties />
        <test-case id="1126" name="FromDeltaMs_At100ms_ReturnsGood" fullname="JudgmentWindowTests.FromDeltaMs_At100ms_ReturnsGood" methodname="FromDeltaMs_At100ms_ReturnsGood" classname="JudgmentWindowTests" runstate="Runnable" seed="1943674786" result="Passed" start-time="2026-07-03 12:31:19Z" end-time="2026-07-03 12:31:19Z" duration="0.001319" asserts="0">
          <properties>
            <property name="retryIteration" value="0" />
            <property name="repeatIteration" value="0" />
          </properties>
        </test-case>
        <test-case id="1127" name="FromDeltaMs_At101ms_ReturnsMiss" fullname="JudgmentWindowTests.FromDeltaMs_At101ms_ReturnsMiss" methodname="FromDeltaMs_At101ms_ReturnsMiss" classname="JudgmentWindowTests" runstate="Runnable" seed="1922012841" result="Passed" start-time="2026-07-03 12:31:19Z" end-time="2026-07-03 12:31:19Z" duration="0.000237" asserts="0">
          <properties>
            <property name="retryIteration" value="0" />
            <property name="repeatIteration" value="0" />
          </properties>
        </test-case>
        <test-case id="1120" name="FromDeltaMs_At16ms_ReturnsPerfectPlus" fullname="JudgmentWindowTests.FromDeltaMs_At16ms_ReturnsPerfectPlus" methodname="FromDeltaMs_At16ms_ReturnsPerfectPlus" classname="JudgmentWindowTests" runstate="Runnable" seed="100803753" result="Passed" start-time="2026-07-03 12:31:19Z" end-time="2026-07-03 12:31:19Z" duration="0.000190" asserts="0">
          <properties>
            <property name="retryIteration" value="0" />
            <property name="repeatIteration" value="0" />
          </properties>
        </test-case>
        <test-case id="1121" name="FromDeltaMs_At17ms_ReturnsPerfect" fullname="JudgmentWindowTests.FromDeltaMs_At17ms_ReturnsPerfect" methodname="FromDeltaMs_At17ms_ReturnsPerfect" classname="JudgmentWindowTests" runstate="Runnable" seed="109927480" result="Passed" start-time="2026-07-03 12:31:19Z" end-time="2026-07-03 12:31:19Z" duration="0.000175" asserts="0">
          <properties>
            <property name="retryIteration" value="0" />
            <property name="repeatIteration" value="0" />
          </properties>
        </test-case>
        <test-case id="1123" name="FromDeltaMs_At34ms_ReturnsGreat" fullname="JudgmentWindowTests.FromDeltaMs_At34ms_ReturnsGreat" methodname="FromDeltaMs_At34ms_ReturnsGreat" classname="JudgmentWindowTests" runstate="Runnable" seed="409981090" result="Passed" start-time="2026-07-03 12:31:19Z" end-time="2026-07-03 12:31:19Z" duration="0.000207" asserts="0">
          <properties>
            <property name="retryIteration" value="0" />
            <property name="repeatIteration" value="0" />
          </properties>
        </test-case>
[...]
          </properties>
        </test-case>
      </test-suite>
    </test-suite>
    <test-suite type="Assembly" id="1314" name="SQLiteIntegration.Tests.dll" fullname="C:/Users/CaSte/PVP/Library/ScriptAssemblies/SQLiteIntegration.Tests.dll" runstate="Runnable" testcasecount="25" result="Passed" start-time="2026-07-03 12:31:19Z" end-time="2026-07-03 12:31:34Z" duration="14.489852" total="25" passed="25" failed="0" inconclusive="0" skipped="0" asserts="0">
      <properties>
        <property name="_PID" value="4628" />
        <property name="_APPDOMAIN" value="Unity Child Domain" />
        <property name="platform" value="EditMode" />
        <property name="EditorOnly" value="True" />
      </properties>
      <test-suite type="TestFixture" id="1287" name="SqliteOffsetRepositoryTests" fullname="SqliteOffsetRepositoryTests" classname="SqliteOffsetRepositoryTests" runstate="Runnable" testcasecount="13" result="Passed" start-time="2026-07-03 12:31:19Z" end-time="2026-07-03 12:31:26Z" duration="6.485294" total="13" passed="13" failed="0" inconclusive="0" skipped="0" asserts="0">
        <properties />
        <test-case id="1295" name="DeleteDefault_IsRejected" fullname="SqliteOffsetRepositoryTests.DeleteDefault_IsRejected" methodname="DeleteDefault_IsRejected" classname="SqliteOffsetRepositoryTests" runstate="Runnable" seed="1578971395" result="Passed" start-time="2026-07-03 12:31:19Z" end-time="2026-07-03 12:31:20Z" duration="0.425525" asserts="0">
          <properties>
            <property name="retryIteration" value="0" />
            <property name="repeatIteration" value="0" />
          </properties>
          <output><![CDATA[[OffsetRepo] SQLite initialized at C:\Users\CaSte\AppData\Local\Temp\test_dcb604be176041e08e70f16ac92c9183.db
[OffsetRepo] Cannot delete default profile
]]></output>
        </test-case>
        <test-case id="1296" name="DeleteNonDefault_Succeeds" fullname="SqliteOffsetRepositoryTests.DeleteNonDefault_Succeeds" methodname="DeleteNonDefault_Succeeds" classname="SqliteOffsetRepositoryTests" runstate="Runnable" seed="1642628192" result="Passed" start-time="2026-07-03 12:31:20Z" end-time="2026-07-03 12:31:20Z" duration="0.503893" asserts="0">
          <properties>
            <property name="retryIteration" value="0" />
            <property name="repeatIteration" value="0" />
          </properties>
          <output><![CDATA[[OffsetRepo] SQLite initialized at C:\Users\CaSte\AppData\Local\Temp\test_2d32ff214ac1472e81d5a0e0afc13046.db
]]></output>
        </test-case>
        <test-case id="1292" name="GetAllProfiles_IncludesDefault" fullname="SqliteOffsetRepositoryTests.GetAllProfiles_IncludesDefault" methodname="GetAllProfiles_IncludesDefault" classname="SqliteOffsetRepositoryTests" runstate="Runnable" seed="2107803352" result="Passed" start-time="2026-07-03 12:31:20Z" end-time="2026-07-03 12:31:21Z" duration="0.449864" asserts="0">
          <properties>
            <property name="retryIteration" value="0" />
            <property name="repeatIteration" value="0" />
          </properties>
          <output><![CDATA[[OffsetRepo] SQLite initialized at C:\Users\CaSte\AppData\Local\Temp\test_50f2a379ae4143028f973319aa4ff794.db
]]></output>
        </test-case>
        <test-case id="1299" name="GetPerSongOffset_ReturnsDefault_WhenNotSaved" fullname="SqliteOffsetRepositoryTests.GetPerSongOffset_ReturnsDefault_WhenNotSaved" methodname="GetPerSongOffset_ReturnsDefault_WhenNotSaved" classname="SqliteOffsetRepositoryTests" runstate="Runnable" seed="1809055309" result="Passed" start-time="2026-07-03 12:31:21Z" end-time="2026-07-03 12:31:21Z" duration="0.399929" asserts="0">
          <properties>
            <property name="retryIteration" value="0" />
            <property name="repeatIteration" value="0" />
          </properties>
          <output><![CDATA[[OffsetRepo] SQLite initialized at C:\Users\CaSte\AppData\Local\Temp\test_810ee55cce334813b12aae6efb9dd052.db
]]></output>
        </test-case>
        <test-case id="1293" name="GetProfileByOsDeviceName_FindsMatch" fullname="SqliteOffsetRepositoryTests.GetProfileByOsDeviceName_FindsMatch" methodname="GetProfileByOsDeviceName_FindsMatch" classname="SqliteOffsetRepositoryTests" runstate="Runnable" seed="834236953" result="Passed" start-time="2026-07-03 12:31:21Z" end-time="2026-07-03 12:31:22Z" duration="0.500022" asserts="0">
          <properties>
            <property name="retryIteration" value="0" />
            <property name="repeatIteration" value="0" />
          </properties>
          <output><![CDATA[[OffsetRepo] SQLite initialized at C:\Users\CaSte\AppData\Local\Temp\test_33a67cc49c8941fdb996721435bc9183.db
]]></output>
        </test-case>
        <test-case id="1294" name="GetProfileByOsDeviceName_ReturnsNull_WhenNoMatch" fullname="SqliteOffsetRepositoryTests.GetProfileByOsDeviceName_ReturnsNull_WhenNoMatch" methodname="GetProfileByOsDeviceName_ReturnsNull_WhenNoMatch" classname="SqliteOffsetRepositoryTests" runstate="Runnable" seed="1539142132" result="Passed" start-time="2026-07-03 12:31:22Z" end-time="2026-07-03 12:31:22Z" duration="0.400062" asserts="0">
          <properties>
            <property name="retryIteration" value="0" />
            <property name="repeatIteration" value="0" />
          </properties>
          <output><![CDATA[[OffsetRepo] SQLite initialized at C:\Users\CaSte\AppData\Local\Temp\test_0deea77ca7ca4e7dae8c6ac9ac4abff8.db
]]></output>
        </test-case>
        <test-case id="1288" name="Initialize_CreatesDefaultProfile" fullname="SqliteOffsetRepositoryTests.Initialize_CreatesDefaultProfile" methodname="Initialize_CreatesDefaultProfile" classname="SqliteOffsetRepositoryTests" runstate="Runnable" seed="623800851" result="Passed" start-time="2026-07-03 12:31:22Z" end-time="2026-07-03 12:31:22Z" duration="0.401679" asserts="0">
          <properties>
            <property name="retryIteration" value="0" />
            <property name="repeatIteration" value="0" />
          </properties>
          <output><![CDATA[[OffsetRepo] SQLite initialized at C:\Users\CaSte\AppData\Local\Temp\test_62f3e78983ae4ab697a29882120fc9bd.db
]]></output>
        </test-case>
        <test-case id="1289" name="Initialize_SetsActiveToDefault" fullname="SqliteOffsetRepositoryTests.Initialize_SetsActiveToDefault" methodname="Initialize_SetsActiveToDefault" classname="SqliteOffsetRepositoryTests" runstate="Runnable" seed="1859102502" result="Passed" start-time="2026-07-03 12:31:22Z" end-time="2026-07-03 12:31:23Z" duration="0.400370" asserts="0">
          <properties>
            <property name="retryIteration" value="0" />
            <property name="repeatIteration" value="0" />
          </properties>
          <output><![CDATA[[OffsetRepo] SQLite initialized at C:\Users\CaSte\AppData\Local\Temp\test_060c252d482a4e67b7f32bc3a020546c.db
]]></output>
        </test-case>
        <test-case id="1291" name="InsertOrReplace_OverwritesExisting" fullname="SqliteOffsetRepositoryTests.InsertOrReplace_OverwritesExisting" methodname="InsertOrReplace_OverwritesExisting" classname="SqliteOffsetRepositoryTests" runstate="Runnable" seed="148745484" result="Passed" start-time="2026-07-03 12:31:23Z" end-time="2026-07-03 12:31:23Z" duration="0.500050" asserts="0">
          <properties>
            <property name="retryIteration" value="0" />
            <property name="repeatIteration" value="0" />
          </properties>
          <output><![CDATA[[OffsetRepo] SQLite initialized at C:\Users\CaSte\AppData\Local\Temp\test_d52f8c3d5f1b4f6db6bd14d21603eb26.db
]]></output>
        </test-case>
        <test-case id="1298" name="PerSongOffset_ClampedOnSave" fullname="SqliteOffsetRepositoryTests.PerSongOffset_ClampedOnSave" methodname="PerSongOffset_ClampedOnSave" classname="SqliteOffsetRepositoryTests" runstate="Runnable" seed="1274879046" result="Passed" start-time="2026-07-03 12:31:23Z" end-time="2026-07-03 12:31:24Z" duration="0.450960" asserts="0">
          <properties>
            <property name="retryIteration" value="0" />
            <property name="repeatIteration" value="0" />
          </properties>
          <output><![CDATA[[OffsetRepo] SQLite initialized at C:\Users\CaSte\AppData\Local\Temp\test_4887fc8f19b34e10a29e50fcd1752fd8.db
]]></output>
        </test-case>
        <test-case id="1300" name="PerSongOffset_Overwrites_OnReSave" fullname="SqliteOffsetRepositoryTests.PerSongOffset_Overwrites_OnReSave" methodname="PerSongOffset_Overwrites_OnReSave" classname="SqliteOffsetRepositoryTests" runstate="Runnable" seed="1385237561" result="Passed" start-time="2026-07-03 12:31:24Z" end-time="2026-07-03 12:31:24Z" duration="0.499976" asserts="0">
          <properties>
            <property name="retryIteration" value="0" />
            <property name="repeatIteration" value="0" />
          </properties>
          <output><![CDATA[[OffsetRepo] SQLite initialized at C:\Users\CaSte\AppData\Local\Temp\test_af48993db4aa401cbf409a9e398fe460.db
]]></output>
        </test-case>
        <test-case id="1290" name="SaveProfile_PersistsAcrossInstances" fullname="SqliteOffsetRepositoryTests.SaveProfile_PersistsAcrossInstances" methodname="SaveProfile_PersistsAcrossInstances" classname="SqliteOffsetRepositoryTests" runstate="Runnable" seed="124158294" result="Passed" start-time="2026-07-03 12:31:24Z" end-time="2026-07-03 12:31:25Z" duration="0.750213" asserts="0">
          <properties>
            <property name="retryIteration" value="0" />
            <property name="repeatIteration" value="0" />
          </properties>
          <output><![CDATA[[OffsetRepo] SQLite initialized at C:\Users\CaSte\AppData\Local\Temp\test_a3fc4374d7554b71a3edfa017adf150b.db
[OffsetRepo] SQLite initialized at C:\Users\CaSte\AppData\Local\Temp\test_a3fc4374d7554b71a3edfa017adf150b.db
]]></output>
        </test-case>
        <test-case id="1297" name="SetActiveProfileId_Persists" fullname="SqliteOffsetRepositoryTests.SetActiveProfileId_Persists" methodname="SetActiveProfileId_Persists" classname="SqliteOffsetRepositoryTests" runstate="Runnable" seed="89558917" result="Passed" start-time="2026-07-03 12:31:25Z" end-time="2026-07-03 12:31:26Z" duration="0.800300" asserts="0">
          <properties>
            <property name="retryIteration" value="0" />
            <property name="repeatIteration" value="0" />
          </properties>
          <output><![CDATA[[OffsetRepo] SQLite initialized at C:\Users\CaSte\AppData\Local\Temp\test_e2e4219d0fe24971aba849df0a896e07.db
[OffsetRepo] SQLite initialized at C:\Users\CaSte\AppData\Local\Temp\test_e2e4219d0fe24971aba849df0a896e07.db
]]></output>
        </test-case>
      </test-suite>
      <test-suite type="TestFixture" id="1301" name="SqlitePlayRecordRepositoryTests" fullname="SqlitePlayRecordRepositoryTests" classname="SqlitePlayRecordRepositoryTests" runstate="Runnable" testcasecount="12" result="Passed" start-time="2026-07-03 12:31:26Z" end-time="2026-07-03 12:31:34Z" duration="8.004178" total="12" passed="12" failed="0" inconclusive="0" skipped="0" asserts="0">
        <properties />
        <test-case id="1311" name="ConcurrentSaves_AllPersist" fullname="SqlitePlayRecordRepositoryTests.ConcurrentSaves_AllPersist" methodname="ConcurrentSaves_AllPersist" classname="SqlitePlayRecordRepositoryTests" runstate="Runnable" seed="1827628451" result="Passed" start-time="2026-07-03 12:31:26Z" end-time="2026-07-03 12:31:27Z" duration="0.749186" asserts="0">
          <properties>
            <property name="retryIteration" value="0" />
            <property name="repeatIteration" value="0" />
          </properties>
          <output><![CDATA[[Repo] SQLite initialized at C:\Users\CaSte\AppData\Local\Temp\test_9b5d861e31d4437b9932ee95d5f65a31.db
]]></output>
        </test-case>
        <test-case id="1310" name="DeleteAll_RemovesPlaysAndBests" fullname="SqlitePlayRecordRepositoryTests.DeleteAll_RemovesPlaysAndBests" methodname="DeleteAll_RemovesPlaysAndBests" classname="SqlitePlayRecordRepositoryTests" runstate="Runnable" seed="451871945" result="Passed" start-time="2026-07-03 12:31:27Z" end-time="2026-07-03 12:31:27Z" duration="0.750512" asserts="0">
          <properties>
            <property name="retryIteration" value="0" />
            <property name="repeatIteration" value="0" />
          </properties>
          <output><![CDATA[[Repo] SQLite initialized at C:\Users\CaSte\AppData\Local\Temp\test_9093be7cf59143e3864172ad6eaa0575.db
]]></output>
        </test-case>
        <test-case id="1313" name="GetAllBests_Empty_ReturnsEmptyList" fullname="SqlitePlayRecordRepositoryTests.GetAllBests_Empty_ReturnsEmptyList" methodname="GetAllBests_Empty_ReturnsEmptyList" classname="SqlitePlayRecordRepositoryTests" runstate="Runnable" seed="62064246" result="Passed" start-time="2026-07-03 12:31:27Z" end-time="2026-07-03 12:31:28Z" duration="0.249940" asserts="0">
          <properties>
            <property name="retryIteration" value="0" />
            <property name="repeatIteration" value="0" />
          </properties>
          <output><![CDATA[[Repo] SQLite initialized at C:\Users\CaSte\AppData\Local\Temp\test_436cceab0cf24618b6fc7c6be6b9b8f9.db
]]></output>
        </test-case>
        <test-case id="1312" name="GetAllBests_ReturnsAllSongDifficultyPairs" fullname="SqlitePlayRecordRepositoryTests.GetAllBests_ReturnsAllSongDifficultyPairs" methodname="GetAllBests_ReturnsAllSongDifficultyPairs" classname="SqlitePlayRecordRepositoryTests" runstate="Runnable" seed="734093641" result="Passed" start-time="2026-07-03 12:31:28Z" end-time="2026-07-03 12:31:28Z" duration="0.700103" asserts="0">
          <properties>
            <property name="retryIteration" value="0" />
            <property name="repeatIteration" value="0" />
          </properties>
          <output><![CDATA[[Repo] SQLite initialized at C:\Users\CaSte\AppData\Local\Temp\test_d7aacbe67b3744f683c9debd2673ea45.db
]]></output>
        </test-case>
        <test-case id="1309" name="GetAllHistory_PaginationWorks" fullname="SqlitePlayRecordRepositoryTests.GetAllHistory_PaginationWorks" methodname="GetAllHistory_PaginationWorks" classname="SqlitePlayRecordRepositoryTests" runstate="Runnable" seed="704925373" result="Passed" start-time="2026-07-03 12:31:28Z" end-time="2026-07-03 12:31:30Z" duration="1.801049" asserts="0">
          <properties>
            <property name="retryIteration" value="0" />
            <property name="repeatIteration" value="0" />
          </properties>
          <output><![CDATA[[Repo] SQLite initialized at C:\Users\CaSte\AppData\Local\Temp\test_e3c740be8c5240d4af8dc58d83af3a76.db
]]></output>
        </test-case>
        <test-case id="1307" name="GetBest_ReturnsNull_WhenNoPlays" fullname="SqlitePlayRecordRepositoryTests.GetBest_ReturnsNull_WhenNoPlays" methodname="GetBest_ReturnsNull_WhenNoPlays" classname="SqlitePlayRecordRepositoryTests" runstate="Runnable" seed="36537929" result="Passed" start-time="2026-07-03 12:31:30Z" end-time="2026-07-03 12:31:30Z" duration="0.249714" asserts="0">
          <properties>
            <property name="retryIteration" value="0" />
            <property name="repeatIteration" value="0" />
          </properties>
          <output><![CDATA[[Repo] SQLite initialized at C:\Users\CaSte\AppData\Local\Temp\test_cee6cfae826a4c5dbadb4c2c36c3bcc4.db
]]></output>
        </test-case>
        <test-case id="1308" name="GetHistory_OrderedByPlayedAtDesc" fullname="SqlitePlayRecordRepositoryTests.GetHistory_OrderedByPlayedAtDesc" methodname="GetHistory_OrderedByPlayedAtDesc" classname="SqlitePlayRecordRepositoryTests" runstate="Runnable" seed="1816222582" result="Passed" start-time="2026-07-03 12:31:30Z" end-time="2026-07-03 12:31:31Z" duration="0.750291" asserts="0">
          <properties>
            <property name="retryIteration" value="0" />
            <property name="repeatIteration" value="0" />
          </properties>
          <output><![CDATA[[Repo] SQLite initialized at C:\Users\CaSte\AppData\Local\Temp\test_feeb96dc311146d88e59c2ad09b6146d.db
]]></output>
        </test-case>
        <test-case id="1302" name="Initialize_CreatesTables" fullname="SqlitePlayRecordRepositoryTests.Initialize_CreatesTables" methodname="Initialize_CreatesTables" classname="SqlitePlayRecordRepositoryTests" runstate="Runnable" seed="975968803" result="Passed" start-time="2026-07-03 12:31:31Z" end-time="2026-07-03 12:31:31Z" duration="0.250096" asserts="0">
          <properties>
            <property name="retryIteration" value="0" />
            <property name="repeatIteration" value="0" />
          </properties>
          <output><![CDATA[[Repo] SQLite initialized at C:\Users\CaSte\AppData\Local\Temp\test_d95864e2b5f3424b95ed5a39156f1561.db
]]></output>
        </test-case>
        <test-case id="1306" name="PersonalBest_AchievementsAccumulate" fullname="SqlitePlayRecordRepositoryTests.PersonalBest_AchievementsAccumulate" methodname="PersonalBest_AchievementsAccumulate" classname="SqlitePlayRecordRepositoryTests" runstate="Runnable" seed="1876390413" result="Passed" start-time="2026-07-03 12:31:31Z" end-time="2026-07-03 12:31:32Z" duration="0.600002" asserts="0">
          <properties>
            <property name="retryIteration" value="0" />
            <property name="repeatIteration" value="0" />
          </properties>
          <output><![CDATA[[Repo] SQLite initialized at C:\Users\CaSte\AppData\Local\Temp\test_54168f08e0f24762ab7abf164cc95dd8.db
]]></output>
        </test-case>
        <test-case id="1305" name="PersonalBest_UpdatedOnSave" fullname="SqlitePlayRecordRepositoryTests.PersonalBest_UpdatedOnSave" methodname="PersonalBest_UpdatedOnSave" classname="SqlitePlayRecordRepositoryTests" runstate="Runnable" seed="774444462" result="Passed" start-time="2026-07-03 12:31:32Z" end-time="2026-07-03 12:31:33Z" duration="0.750071" asserts="0">
          <properties>
            <property name="retryIteration" value="0" />
            <property name="repeatIteration" value="0" />
          </properties>
          <output><![CDATA[[Repo] SQLite initialized at C:\Users\CaSte\AppData\Local\Temp\test_f4cac375838e4d6bafebb9b5bc443a8f.db
]]></output>
        </test-case>
        <test-case id="1303" name="Save_PersistsAcrossInstances" fullname="SqlitePlayRecordRepositoryTests.Save_PersistsAcrossInstances" methodname="Save_PersistsAcrossInstances" classname="SqlitePlayRecordRepositoryTests" runstate="Runnable" seed="1179882368" result="Passed" start-time="2026-07-03 12:31:33Z" end-time="2026-07-03 12:31:33Z" duration="0.700078" asserts="0">
          <properties>
            <property name="retryIteration" value="0" />
            <property name="repeatIteration" value="0" />
          </properties>
          <output><![CDATA[[Repo] SQLite initialized at C:\Users\CaSte\AppData\Local\Temp\test_0153a5cf1979404d83393b4a38b2d572.db
[Repo] SQLite initialized at C:\Users\CaSte\AppData\Local\Temp\test_0153a5cf1979404d83393b4a38b2d572.db
]]></output>
        </test-case>
        <test-case id="1304" name="Save_PreservesAllFields" fullname="SqlitePlayRecordRepositoryTests.Save_PreservesAllFields" methodname="Save_PreservesAllFields" classname="SqlitePlayRecordRepositoryTests" runstate="Runnable" seed="930037422" result="Passed" start-time="2026-07-03 12:31:33Z" end-time="2026-07-03 12:31:34Z" duration="0.450267" asserts="0">
          <properties>
            <property name="retryIteration" value="0" />
            <property name="repeatIteration" value="0" />
          </properties>
          <output><![CDATA[[Repo] SQLite initialized at C:\Users\CaSte\AppData\Local\Temp\test_0ac60455d10d4930b7251220c0317f34.db
<b><color=#2EA3FF>MCP-FOR-UNITY</color></b>: [TestRunnerNoThrottle] Restored Interaction Mode after test run.
Saving results to: C:/Users/CaSte/AppData/LocalLow/DefaultCompany/PVP\TestResults.xml
]]></output>
        </test-case>
      </test-suite>
    </test-suite>
  </test-suite>
</test-run>